2022-08-06 03:22:24.2741|INFO|CityInfo.API.Program|Initializing application...
2022-08-06 03:22:27.9433|INFO|Microsoft.EntityFrameworkCore.Infrastructure|Entity Framework Core 2.1.14-servicing-32113 initialized 'CityInfoContext' using provider 'Microsoft.EntityFrameworkCore.SqlServer' with options: None
2022-08-06 03:22:28.5400|INFO|Microsoft.EntityFrameworkCore.Database.Command|Executed DbCommand (3ms) [Parameters=[], CommandType='Text', CommandTimeout='60']
IF SERVERPROPERTY('EngineEdition') <> 5
BEGIN
    ALTER DATABASE [CityInfoDB] SET SINGLE_USER WITH ROLLBACK IMMEDIATE;
END;
2022-08-06 03:22:28.5755|INFO|Microsoft.EntityFrameworkCore.Database.Command|Executed DbCommand (31ms) [Parameters=[], CommandType='Text', CommandTimeout='60']
DROP DATABASE [CityInfoDB];
2022-08-06 03:22:38.8879|INFO|Microsoft.EntityFrameworkCore.Database.Command|Executed DbCommand (272ms) [Parameters=[], CommandType='Text', CommandTimeout='60']
CREATE DATABASE [CityInfoDB];
2022-08-06 03:22:38.9734|INFO|Microsoft.EntityFrameworkCore.Database.Command|Executed DbCommand (82ms) [Parameters=[], CommandType='Text', CommandTimeout='60']
IF SERVERPROPERTY('EngineEdition') <> 5
BEGIN
    ALTER DATABASE [CityInfoDB] SET READ_COMMITTED_SNAPSHOT ON;
END;
2022-08-06 03:22:39.0556|INFO|Microsoft.EntityFrameworkCore.Database.Command|Executed DbCommand (13ms) [Parameters=[], CommandType='Text', CommandTimeout='30']
CREATE TABLE [__EFMigrationsHistory] (
    [MigrationId] nvarchar(150) NOT NULL,
    [ProductVersion] nvarchar(32) NOT NULL,
    CONSTRAINT [PK___EFMigrationsHistory] PRIMARY KEY ([MigrationId])
);
2022-08-06 03:22:39.0675|INFO|Microsoft.EntityFrameworkCore.Database.Command|Executed DbCommand (8ms) [Parameters=[], CommandType='Text', CommandTimeout='30']
SELECT OBJECT_ID(N'[__EFMigrationsHistory]');
2022-08-06 03:22:39.0755|INFO|Microsoft.EntityFrameworkCore.Database.Command|Executed DbCommand (4ms) [Parameters=[], CommandType='Text', CommandTimeout='30']
SELECT [MigrationId], [ProductVersion]
FROM [__EFMigrationsHistory]
ORDER BY [MigrationId];
2022-08-06 03:22:39.0755|INFO|Microsoft.EntityFrameworkCore.Migrations|Applying migration '20220805132447_CityInfoDBInitialMigration'.
2022-08-06 03:22:39.1236|INFO|Microsoft.EntityFrameworkCore.Database.Command|Executed DbCommand (3ms) [Parameters=[], CommandType='Text', CommandTimeout='30']
CREATE TABLE [Cities] (
    [Id] int NOT NULL IDENTITY,
    [Name] nvarchar(50) NOT NULL,
    [Description] nvarchar(200) NULL,
    CONSTRAINT [PK_Cities] PRIMARY KEY ([Id])
);
2022-08-06 03:22:39.1236|INFO|Microsoft.EntityFrameworkCore.Database.Command|Executed DbCommand (6ms) [Parameters=[], CommandType='Text', CommandTimeout='30']
CREATE TABLE [PointsOfInterest] (
    [Id] int NOT NULL IDENTITY,
    [Name] nvarchar(50) NOT NULL,
    [CityId] int NOT NULL,
    CONSTRAINT [PK_PointsOfInterest] PRIMARY KEY ([Id]),
    CONSTRAINT [FK_PointsOfInterest_Cities_CityId] FOREIGN KEY ([CityId]) REFERENCES [Cities] ([Id]) ON DELETE CASCADE
);
2022-08-06 03:22:39.1396|INFO|Microsoft.EntityFrameworkCore.Database.Command|Executed DbCommand (2ms) [Parameters=[], CommandType='Text', CommandTimeout='30']
CREATE INDEX [IX_PointsOfInterest_CityId] ON [PointsOfInterest] ([CityId]);
2022-08-06 03:22:39.1396|INFO|Microsoft.EntityFrameworkCore.Database.Command|Executed DbCommand (3ms) [Parameters=[], CommandType='Text', CommandTimeout='30']
INSERT INTO [__EFMigrationsHistory] ([MigrationId], [ProductVersion])
VALUES (N'20220805132447_CityInfoDBInitialMigration', N'2.1.14-servicing-32113');
2022-08-06 03:22:39.1396|INFO|Microsoft.EntityFrameworkCore.Migrations|Applying migration '20220805134318_CityInfoDBAddPoIDescription'.
2022-08-06 03:22:39.1624|INFO|Microsoft.EntityFrameworkCore.Database.Command|Executed DbCommand (2ms) [Parameters=[], CommandType='Text', CommandTimeout='30']
ALTER TABLE [PointsOfInterest] ADD [Description] nvarchar(200) NULL;
2022-08-06 03:22:39.1624|INFO|Microsoft.EntityFrameworkCore.Database.Command|Executed DbCommand (1ms) [Parameters=[], CommandType='Text', CommandTimeout='30']
INSERT INTO [__EFMigrationsHistory] ([MigrationId], [ProductVersion])
VALUES (N'20220805134318_CityInfoDBAddPoIDescription', N'2.1.14-servicing-32113');
2022-08-06 03:22:39.1703|INFO|Microsoft.EntityFrameworkCore.Migrations|Applying migration '20220805141613_SampleData'.
2022-08-06 03:22:39.2051|INFO|Microsoft.EntityFrameworkCore.Database.Command|Executed DbCommand (19ms) [Parameters=[], CommandType='Text', CommandTimeout='30']
IF EXISTS (SELECT * FROM [sys].[identity_columns] WHERE [name] IN (N'Id', N'Description', N'Name') AND [object_id] = OBJECT_ID(N'[Cities]'))
    SET IDENTITY_INSERT [Cities] ON;
INSERT INTO [Cities] ([Id], [Description], [Name])
VALUES (1, N'The one with that big park.', N'New York City');
IF EXISTS (SELECT * FROM [sys].[identity_columns] WHERE [name] IN (N'Id', N'Description', N'Name') AND [object_id] = OBJECT_ID(N'[Cities]'))
    SET IDENTITY_INSERT [Cities] OFF;
2022-08-06 03:22:39.2206|INFO|Microsoft.EntityFrameworkCore.Database.Command|Executed DbCommand (12ms) [Parameters=[], CommandType='Text', CommandTimeout='30']
IF EXISTS (SELECT * FROM [sys].[identity_columns] WHERE [name] IN (N'Id', N'Description', N'Name') AND [object_id] = OBJECT_ID(N'[Cities]'))
    SET IDENTITY_INSERT [Cities] ON;
INSERT INTO [Cities] ([Id], [Description], [Name])
VALUES (2, N'The one with the cathedral that was never really finished.', N'Antwerp');
IF EXISTS (SELECT * FROM [sys].[identity_columns] WHERE [name] IN (N'Id', N'Description', N'Name') AND [object_id] = OBJECT_ID(N'[Cities]'))
    SET IDENTITY_INSERT [Cities] OFF;
2022-08-06 03:22:39.2378|INFO|Microsoft.EntityFrameworkCore.Database.Command|Executed DbCommand (13ms) [Parameters=[], CommandType='Text', CommandTimeout='30']
IF EXISTS (SELECT * FROM [sys].[identity_columns] WHERE [name] IN (N'Id', N'Description', N'Name') AND [object_id] = OBJECT_ID(N'[Cities]'))
    SET IDENTITY_INSERT [Cities] ON;
INSERT INTO [Cities] ([Id], [Description], [Name])
VALUES (3, N'The one with that big tower.', N'Paris');
IF EXISTS (SELECT * FROM [sys].[identity_columns] WHERE [name] IN (N'Id', N'Description', N'Name') AND [object_id] = OBJECT_ID(N'[Cities]'))
    SET IDENTITY_INSERT [Cities] OFF;
2022-08-06 03:22:39.2573|INFO|Microsoft.EntityFrameworkCore.Database.Command|Executed DbCommand (16ms) [Parameters=[], CommandType='Text', CommandTimeout='30']
IF EXISTS (SELECT * FROM [sys].[identity_columns] WHERE [name] IN (N'Id', N'CityId', N'Description', N'Name') AND [object_id] = OBJECT_ID(N'[PointsOfInterest]'))
    SET IDENTITY_INSERT [PointsOfInterest] ON;
INSERT INTO [PointsOfInterest] ([Id], [CityId], [Description], [Name])
VALUES (1, 1, N'The most visited urban park in the United States.', N'Central Park'),
(2, 1, N'A 102-story skyscraper located in Midtown Manhattan.', N'Empire State Building'),
(3, 2, N'A Gothic style cathedral, conceived by architects Jan and Pieter Appelmans.', N'Cathedral'),
(4, 2, N'The the finest example of railway architecture in Belgium.', N'Antwerp Central Station'),
(5, 3, N'A wrought iron lattice tower on the Champ de Mars, named after engineer Gustave Eiffel.', N'Eiffel Tower'),
(6, 3, N'The world''s largest museum.', N'The Louvre');
IF EXISTS (SELECT * FROM [sys].[identity_columns] WHERE [name] IN (N'Id', N'CityId', N'Description', N'Name') AND [object_id] = OBJECT_ID(N'[PointsOfInterest]'))
    SET IDENTITY_INSERT [PointsOfInterest] OFF;
2022-08-06 03:22:39.2573|INFO|Microsoft.EntityFrameworkCore.Database.Command|Executed DbCommand (1ms) [Parameters=[], CommandType='Text', CommandTimeout='30']
INSERT INTO [__EFMigrationsHistory] ([MigrationId], [ProductVersion])
VALUES (N'20220805141613_SampleData', N'2.1.14-servicing-32113');
2022-08-06 03:22:39.5032|INFO|Microsoft.AspNetCore.DataProtection.KeyManagement.XmlKeyManager|User profile is available. Using 'C:\Users\ADEEL\AppData\Local\ASP.NET\DataProtection-Keys' as key repository and Windows DPAPI to encrypt keys at rest.
2022-08-06 03:22:40.4712|INFO|Microsoft.AspNetCore.Hosting.Internal.WebHost|Request starting HTTP/1.1 GET http://localhost:1028/  
2022-08-06 03:22:40.4712|INFO|Microsoft.AspNetCore.Hosting.Internal.WebHost|Request starting HTTP/1.1 DEBUG http://localhost:1028/  0
2022-08-06 03:22:40.5847|INFO|Microsoft.AspNetCore.Hosting.Internal.WebHost|Request finished in 119.8942ms 200 
2022-08-06 03:22:40.8853|INFO|Microsoft.AspNetCore.Hosting.Internal.WebHost|Request finished in 413.4028ms 404 text/plain
2022-08-06 03:22:41.2458|INFO|Microsoft.AspNetCore.Hosting.Internal.WebHost|Request starting HTTP/1.1 GET http://localhost:1028/favicon.ico  
2022-08-06 03:22:41.2530|INFO|Microsoft.AspNetCore.Hosting.Internal.WebHost|Request finished in 7.8371ms 404 text/plain
2022-08-06 03:22:54.4092|INFO|Microsoft.AspNetCore.Hosting.Internal.WebHost|Request starting HTTP/1.1 GET http://localhost:1028/api/cities  
2022-08-06 03:22:54.4527|INFO|Microsoft.AspNetCore.Mvc.Internal.ControllerActionInvoker|Route matched with {action = "GetCities", controller = "Cities"}. Executing controller action with signature Microsoft.AspNetCore.Mvc.IActionResult GetCities() on controller CityInfo.API.Controllers.CitiesController (CityInfo.API).
2022-08-06 03:22:54.4672|INFO|Microsoft.AspNetCore.Mvc.Internal.ControllerActionInvoker|Executing action method CityInfo.API.Controllers.CitiesController.GetCities (CityInfo.API) - Validation state: Valid
2022-08-06 03:22:54.4672|INFO|Microsoft.EntityFrameworkCore.Infrastructure|Entity Framework Core 2.1.14-servicing-32113 initialized 'CityInfoContext' using provider 'Microsoft.EntityFrameworkCore.SqlServer' with options: None
2022-08-06 03:22:54.5868|INFO|Microsoft.EntityFrameworkCore.Database.Command|Executed DbCommand (1ms) [Parameters=[], CommandType='Text', CommandTimeout='30']
SELECT [c].[Id], [c].[Description], [c].[Name]
FROM [Cities] AS [c]
ORDER BY [c].[Name]
2022-08-06 03:22:54.6260|INFO|Microsoft.AspNetCore.Mvc.Internal.ControllerActionInvoker|Executed action method CityInfo.API.Controllers.CitiesController.GetCities (CityInfo.API), returned result Microsoft.AspNetCore.Mvc.OkObjectResult in 150.2915ms.
2022-08-06 03:22:54.6382|INFO|Microsoft.AspNetCore.Mvc.Infrastructure.ObjectResultExecutor|Executing ObjectResult, writing value of type 'System.Collections.Generic.List`1[[CityInfo.API.Models.CityWithoutPointsOfInterestDto, CityInfo.API, Version=1.0.0.0, Culture=neutral, PublicKeyToken=null]]'.
2022-08-06 03:22:54.7075|INFO|Microsoft.AspNetCore.Mvc.Internal.ControllerActionInvoker|Executed action CityInfo.API.Controllers.CitiesController.GetCities (CityInfo.API) in 248.7638ms
2022-08-06 03:22:54.7160|INFO|Microsoft.AspNetCore.Hosting.Internal.WebHost|Request finished in 306.8875ms 200 application/json; charset=utf-8
2022-08-06 03:38:56.5712|INFO|CityInfo.API.Program|Initializing application...
2022-08-06 03:38:59.1116|INFO|Microsoft.EntityFrameworkCore.Infrastructure|Entity Framework Core 2.1.14-servicing-32113 initialized 'CityInfoContext' using provider 'Microsoft.EntityFrameworkCore.SqlServer' with options: None
2022-08-06 03:38:59.4411|INFO|Microsoft.EntityFrameworkCore.Database.Command|Executed DbCommand (3ms) [Parameters=[], CommandType='Text', CommandTimeout='60']
IF SERVERPROPERTY('EngineEdition') <> 5
BEGIN
    ALTER DATABASE [CityInfoDB] SET SINGLE_USER WITH ROLLBACK IMMEDIATE;
END;
2022-08-06 03:38:59.4801|INFO|Microsoft.EntityFrameworkCore.Database.Command|Executed DbCommand (34ms) [Parameters=[], CommandType='Text', CommandTimeout='60']
DROP DATABASE [CityInfoDB];
2022-08-06 03:39:09.8193|INFO|Microsoft.EntityFrameworkCore.Database.Command|Executed DbCommand (300ms) [Parameters=[], CommandType='Text', CommandTimeout='60']
CREATE DATABASE [CityInfoDB];
2022-08-06 03:39:09.8891|INFO|Microsoft.EntityFrameworkCore.Database.Command|Executed DbCommand (67ms) [Parameters=[], CommandType='Text', CommandTimeout='60']
IF SERVERPROPERTY('EngineEdition') <> 5
BEGIN
    ALTER DATABASE [CityInfoDB] SET READ_COMMITTED_SNAPSHOT ON;
END;
2022-08-06 03:39:09.9441|INFO|Microsoft.EntityFrameworkCore.Database.Command|Executed DbCommand (8ms) [Parameters=[], CommandType='Text', CommandTimeout='30']
CREATE TABLE [__EFMigrationsHistory] (
    [MigrationId] nvarchar(150) NOT NULL,
    [ProductVersion] nvarchar(32) NOT NULL,
    CONSTRAINT [PK___EFMigrationsHistory] PRIMARY KEY ([MigrationId])
);
2022-08-06 03:39:09.9521|INFO|Microsoft.EntityFrameworkCore.Database.Command|Executed DbCommand (4ms) [Parameters=[], CommandType='Text', CommandTimeout='30']
SELECT OBJECT_ID(N'[__EFMigrationsHistory]');
2022-08-06 03:39:09.9521|INFO|Microsoft.EntityFrameworkCore.Database.Command|Executed DbCommand (1ms) [Parameters=[], CommandType='Text', CommandTimeout='30']
SELECT [MigrationId], [ProductVersion]
FROM [__EFMigrationsHistory]
ORDER BY [MigrationId];
2022-08-06 03:39:09.9761|INFO|Microsoft.EntityFrameworkCore.Migrations|Applying migration '20220805132447_CityInfoDBInitialMigration'.
2022-08-06 03:39:10.0078|INFO|Microsoft.EntityFrameworkCore.Database.Command|Executed DbCommand (1ms) [Parameters=[], CommandType='Text', CommandTimeout='30']
CREATE TABLE [Cities] (
    [Id] int NOT NULL IDENTITY,
    [Name] nvarchar(50) NOT NULL,
    [Description] nvarchar(200) NULL,
    CONSTRAINT [PK_Cities] PRIMARY KEY ([Id])
);
2022-08-06 03:39:10.0078|INFO|Microsoft.EntityFrameworkCore.Database.Command|Executed DbCommand (2ms) [Parameters=[], CommandType='Text', CommandTimeout='30']
CREATE TABLE [PointsOfInterest] (
    [Id] int NOT NULL IDENTITY,
    [Name] nvarchar(50) NOT NULL,
    [CityId] int NOT NULL,
    CONSTRAINT [PK_PointsOfInterest] PRIMARY KEY ([Id]),
    CONSTRAINT [FK_PointsOfInterest_Cities_CityId] FOREIGN KEY ([CityId]) REFERENCES [Cities] ([Id]) ON DELETE CASCADE
);
2022-08-06 03:39:10.0169|INFO|Microsoft.EntityFrameworkCore.Database.Command|Executed DbCommand (2ms) [Parameters=[], CommandType='Text', CommandTimeout='30']
CREATE INDEX [IX_PointsOfInterest_CityId] ON [PointsOfInterest] ([CityId]);
2022-08-06 03:39:10.0169|INFO|Microsoft.EntityFrameworkCore.Database.Command|Executed DbCommand (2ms) [Parameters=[], CommandType='Text', CommandTimeout='30']
INSERT INTO [__EFMigrationsHistory] ([MigrationId], [ProductVersion])
VALUES (N'20220805132447_CityInfoDBInitialMigration', N'2.1.14-servicing-32113');
2022-08-06 03:39:10.0169|INFO|Microsoft.EntityFrameworkCore.Migrations|Applying migration '20220805134318_CityInfoDBAddPoIDescription'.
2022-08-06 03:39:10.0304|INFO|Microsoft.EntityFrameworkCore.Database.Command|Executed DbCommand (1ms) [Parameters=[], CommandType='Text', CommandTimeout='30']
ALTER TABLE [PointsOfInterest] ADD [Description] nvarchar(200) NULL;
2022-08-06 03:39:10.0304|INFO|Microsoft.EntityFrameworkCore.Database.Command|Executed DbCommand (0ms) [Parameters=[], CommandType='Text', CommandTimeout='30']
INSERT INTO [__EFMigrationsHistory] ([MigrationId], [ProductVersion])
VALUES (N'20220805134318_CityInfoDBAddPoIDescription', N'2.1.14-servicing-32113');
2022-08-06 03:39:10.0304|INFO|Microsoft.EntityFrameworkCore.Migrations|Applying migration '20220805141613_SampleData'.
2022-08-06 03:39:10.0637|INFO|Microsoft.EntityFrameworkCore.Database.Command|Executed DbCommand (15ms) [Parameters=[], CommandType='Text', CommandTimeout='30']
IF EXISTS (SELECT * FROM [sys].[identity_columns] WHERE [name] IN (N'Id', N'Description', N'Name') AND [object_id] = OBJECT_ID(N'[Cities]'))
    SET IDENTITY_INSERT [Cities] ON;
INSERT INTO [Cities] ([Id], [Description], [Name])
VALUES (1, N'The one with that big park.', N'New York City');
IF EXISTS (SELECT * FROM [sys].[identity_columns] WHERE [name] IN (N'Id', N'Description', N'Name') AND [object_id] = OBJECT_ID(N'[Cities]'))
    SET IDENTITY_INSERT [Cities] OFF;
2022-08-06 03:39:10.0797|INFO|Microsoft.EntityFrameworkCore.Database.Command|Executed DbCommand (13ms) [Parameters=[], CommandType='Text', CommandTimeout='30']
IF EXISTS (SELECT * FROM [sys].[identity_columns] WHERE [name] IN (N'Id', N'Description', N'Name') AND [object_id] = OBJECT_ID(N'[Cities]'))
    SET IDENTITY_INSERT [Cities] ON;
INSERT INTO [Cities] ([Id], [Description], [Name])
VALUES (2, N'The one with the cathedral that was never really finished.', N'Antwerp');
IF EXISTS (SELECT * FROM [sys].[identity_columns] WHERE [name] IN (N'Id', N'Description', N'Name') AND [object_id] = OBJECT_ID(N'[Cities]'))
    SET IDENTITY_INSERT [Cities] OFF;
2022-08-06 03:39:10.0924|INFO|Microsoft.EntityFrameworkCore.Database.Command|Executed DbCommand (10ms) [Parameters=[], CommandType='Text', CommandTimeout='30']
IF EXISTS (SELECT * FROM [sys].[identity_columns] WHERE [name] IN (N'Id', N'Description', N'Name') AND [object_id] = OBJECT_ID(N'[Cities]'))
    SET IDENTITY_INSERT [Cities] ON;
INSERT INTO [Cities] ([Id], [Description], [Name])
VALUES (3, N'The one with that big tower.', N'Paris');
IF EXISTS (SELECT * FROM [sys].[identity_columns] WHERE [name] IN (N'Id', N'Description', N'Name') AND [object_id] = OBJECT_ID(N'[Cities]'))
    SET IDENTITY_INSERT [Cities] OFF;
2022-08-06 03:39:10.1113|INFO|Microsoft.EntityFrameworkCore.Database.Command|Executed DbCommand (16ms) [Parameters=[], CommandType='Text', CommandTimeout='30']
IF EXISTS (SELECT * FROM [sys].[identity_columns] WHERE [name] IN (N'Id', N'CityId', N'Description', N'Name') AND [object_id] = OBJECT_ID(N'[PointsOfInterest]'))
    SET IDENTITY_INSERT [PointsOfInterest] ON;
INSERT INTO [PointsOfInterest] ([Id], [CityId], [Description], [Name])
VALUES (1, 1, N'The most visited urban park in the United States.', N'Central Park'),
(2, 1, N'A 102-story skyscraper located in Midtown Manhattan.', N'Empire State Building'),
(3, 2, N'A Gothic style cathedral, conceived by architects Jan and Pieter Appelmans.', N'Cathedral'),
(4, 2, N'The the finest example of railway architecture in Belgium.', N'Antwerp Central Station'),
(5, 3, N'A wrought iron lattice tower on the Champ de Mars, named after engineer Gustave Eiffel.', N'Eiffel Tower'),
(6, 3, N'The world''s largest museum.', N'The Louvre');
IF EXISTS (SELECT * FROM [sys].[identity_columns] WHERE [name] IN (N'Id', N'CityId', N'Description', N'Name') AND [object_id] = OBJECT_ID(N'[PointsOfInterest]'))
    SET IDENTITY_INSERT [PointsOfInterest] OFF;
2022-08-06 03:39:10.1113|INFO|Microsoft.EntityFrameworkCore.Database.Command|Executed DbCommand (1ms) [Parameters=[], CommandType='Text', CommandTimeout='30']
INSERT INTO [__EFMigrationsHistory] ([MigrationId], [ProductVersion])
VALUES (N'20220805141613_SampleData', N'2.1.14-servicing-32113');
2022-08-06 03:39:10.1958|INFO|Microsoft.AspNetCore.DataProtection.KeyManagement.XmlKeyManager|User profile is available. Using 'C:\Users\ADEEL\AppData\Local\ASP.NET\DataProtection-Keys' as key repository and Windows DPAPI to encrypt keys at rest.
2022-08-06 03:39:10.6094|INFO|Microsoft.AspNetCore.Hosting.Internal.WebHost|Request starting HTTP/1.1 GET http://localhost:1028/  
2022-08-06 03:39:10.6094|INFO|Microsoft.AspNetCore.Hosting.Internal.WebHost|Request starting HTTP/1.1 DEBUG http://localhost:1028/  0
2022-08-06 03:39:10.7453|INFO|Microsoft.AspNetCore.Hosting.Internal.WebHost|Request finished in 91.2418ms 200 
2022-08-06 03:39:11.0666|INFO|Microsoft.AspNetCore.Hosting.Internal.WebHost|Request finished in 463.1151ms 404 text/plain
2022-08-06 03:39:11.2476|INFO|Microsoft.AspNetCore.Hosting.Internal.WebHost|Request starting HTTP/1.1 GET http://localhost:1028/favicon.ico  
2022-08-06 03:39:11.2476|INFO|Microsoft.AspNetCore.Hosting.Internal.WebHost|Request finished in 7.1086ms 404 text/plain
2022-08-06 03:39:13.1466|INFO|Microsoft.AspNetCore.Hosting.Internal.WebHost|Request starting HTTP/1.1 GET http://localhost:1028/api/cities/1  
2022-08-06 03:39:13.2043|INFO|Microsoft.AspNetCore.Mvc.Internal.ControllerActionInvoker|Route matched with {action = "GetCity", controller = "Cities"}. Executing controller action with signature Microsoft.AspNetCore.Mvc.IActionResult GetCity(Int32, Boolean) on controller CityInfo.API.Controllers.CitiesController (CityInfo.API).
2022-08-06 03:39:13.2439|INFO|Microsoft.AspNetCore.Mvc.Internal.ControllerActionInvoker|Executing action method CityInfo.API.Controllers.CitiesController.GetCity (CityInfo.API) - Validation state: Valid
2022-08-06 03:39:13.2522|INFO|Microsoft.EntityFrameworkCore.Infrastructure|Entity Framework Core 2.1.14-servicing-32113 initialized 'CityInfoContext' using provider 'Microsoft.EntityFrameworkCore.SqlServer' with options: None
2022-08-06 03:39:13.3834|INFO|Microsoft.EntityFrameworkCore.Database.Command|Executed DbCommand (3ms) [Parameters=[@__cityId_0='?' (DbType = Int32)], CommandType='Text', CommandTimeout='30']
SELECT TOP(1) [c].[Id], [c].[Description], [c].[Name]
FROM [Cities] AS [c]
WHERE [c].[Id] = @__cityId_0
2022-08-06 03:39:13.4062|INFO|Microsoft.AspNetCore.Mvc.Internal.ControllerActionInvoker|Executed action method CityInfo.API.Controllers.CitiesController.GetCity (CityInfo.API), returned result Microsoft.AspNetCore.Mvc.OkObjectResult in 157.5865ms.
2022-08-06 03:39:13.4062|INFO|Microsoft.AspNetCore.Mvc.Infrastructure.ObjectResultExecutor|Executing ObjectResult, writing value of type 'CityInfo.API.Models.CityWithoutPointsOfInterestDto'.
2022-08-06 03:39:13.4705|INFO|Microsoft.AspNetCore.Mvc.Internal.ControllerActionInvoker|Executed action CityInfo.API.Controllers.CitiesController.GetCity (CityInfo.API) in 259.4292ms
2022-08-06 03:39:13.4705|INFO|Microsoft.AspNetCore.Hosting.Internal.WebHost|Request finished in 328.4641ms 200 application/json; charset=utf-8
2022-08-06 03:40:26.6675|INFO|Microsoft.AspNetCore.Hosting.Internal.WebHost|Request starting HTTP/1.1 GET http://localhost:1028/api/cities/1?includepointsofinterest=true  
2022-08-06 03:40:26.6760|INFO|Microsoft.AspNetCore.Mvc.Internal.ControllerActionInvoker|Route matched with {action = "GetCity", controller = "Cities"}. Executing controller action with signature Microsoft.AspNetCore.Mvc.IActionResult GetCity(Int32, Boolean) on controller CityInfo.API.Controllers.CitiesController (CityInfo.API).
2022-08-06 03:40:26.6760|INFO|Microsoft.AspNetCore.Mvc.Internal.ControllerActionInvoker|Executing action method CityInfo.API.Controllers.CitiesController.GetCity (CityInfo.API) - Validation state: Valid
2022-08-06 03:40:26.6901|INFO|Microsoft.EntityFrameworkCore.Infrastructure|Entity Framework Core 2.1.14-servicing-32113 initialized 'CityInfoContext' using provider 'Microsoft.EntityFrameworkCore.SqlServer' with options: None
2022-08-06 03:40:26.7684|INFO|Microsoft.EntityFrameworkCore.Database.Command|Executed DbCommand (1ms) [Parameters=[@__cityId_0='?' (DbType = Int32)], CommandType='Text', CommandTimeout='30']
SELECT TOP(1) [c].[Id], [c].[Description], [c].[Name]
FROM [Cities] AS [c]
WHERE [c].[Id] = @__cityId_0
ORDER BY [c].[Id]
2022-08-06 03:40:26.7880|INFO|Microsoft.EntityFrameworkCore.Database.Command|Executed DbCommand (3ms) [Parameters=[@__cityId_0='?' (DbType = Int32)], CommandType='Text', CommandTimeout='30']
SELECT [c.PointsOfInterest].[Id], [c.PointsOfInterest].[CityId], [c.PointsOfInterest].[Description], [c.PointsOfInterest].[Name]
FROM [PointsOfInterest] AS [c.PointsOfInterest]
INNER JOIN (
    SELECT TOP(1) [c0].[Id]
    FROM [Cities] AS [c0]
    WHERE [c0].[Id] = @__cityId_0
    ORDER BY [c0].[Id]
) AS [t] ON [c.PointsOfInterest].[CityId] = [t].[Id]
ORDER BY [t].[Id]
2022-08-06 03:40:26.8007|INFO|Microsoft.AspNetCore.Mvc.Internal.ControllerActionInvoker|Executed action method CityInfo.API.Controllers.CitiesController.GetCity (CityInfo.API), returned result Microsoft.AspNetCore.Mvc.OkObjectResult in 113.7764ms.
2022-08-06 03:40:26.8007|INFO|Microsoft.AspNetCore.Mvc.Infrastructure.ObjectResultExecutor|Executing ObjectResult, writing value of type 'CityInfo.API.Models.CityDto'.
2022-08-06 03:40:26.8127|INFO|Microsoft.AspNetCore.Mvc.Internal.ControllerActionInvoker|Executed action CityInfo.API.Controllers.CitiesController.GetCity (CityInfo.API) in 134.0708ms
2022-08-06 03:40:26.8127|INFO|Microsoft.AspNetCore.Hosting.Internal.WebHost|Request finished in 149.4384ms 200 application/json; charset=utf-8
2022-08-06 03:40:42.6984|INFO|Microsoft.AspNetCore.Hosting.Internal.WebHost|Request starting HTTP/1.1 GET http://localhost:1028/api/cities/10?includepointsofinterest=true  
2022-08-06 03:40:42.7074|INFO|Microsoft.AspNetCore.Mvc.Internal.ControllerActionInvoker|Route matched with {action = "GetCity", controller = "Cities"}. Executing controller action with signature Microsoft.AspNetCore.Mvc.IActionResult GetCity(Int32, Boolean) on controller CityInfo.API.Controllers.CitiesController (CityInfo.API).
2022-08-06 03:40:42.7074|INFO|Microsoft.AspNetCore.Mvc.Internal.ControllerActionInvoker|Executing action method CityInfo.API.Controllers.CitiesController.GetCity (CityInfo.API) - Validation state: Valid
2022-08-06 03:40:42.7074|INFO|Microsoft.EntityFrameworkCore.Infrastructure|Entity Framework Core 2.1.14-servicing-32113 initialized 'CityInfoContext' using provider 'Microsoft.EntityFrameworkCore.SqlServer' with options: None
2022-08-06 03:40:42.7181|INFO|Microsoft.EntityFrameworkCore.Database.Command|Executed DbCommand (0ms) [Parameters=[@__cityId_0='?' (DbType = Int32)], CommandType='Text', CommandTimeout='30']
SELECT TOP(1) [c].[Id], [c].[Description], [c].[Name]
FROM [Cities] AS [c]
WHERE [c].[Id] = @__cityId_0
ORDER BY [c].[Id]
2022-08-06 03:40:42.7367|INFO|Microsoft.AspNetCore.Mvc.Internal.ControllerActionInvoker|Executed action method CityInfo.API.Controllers.CitiesController.GetCity (CityInfo.API), returned result Microsoft.AspNetCore.Mvc.NotFoundResult in 21.5803ms.
2022-08-06 03:40:42.7367|INFO|Microsoft.AspNetCore.Mvc.StatusCodeResult|Executing HttpStatusCodeResult, setting HTTP status code 404
2022-08-06 03:40:42.7367|INFO|Microsoft.AspNetCore.Mvc.Internal.ControllerActionInvoker|Executed action CityInfo.API.Controllers.CitiesController.GetCity (CityInfo.API) in 35.3423ms
2022-08-06 03:40:42.7478|INFO|Microsoft.AspNetCore.Hosting.Internal.WebHost|Request finished in 48.7522ms 404 text/plain
2022-08-06 04:10:53.8800|INFO|CityInfo.API.Program|Initializing application...
2022-08-06 04:10:55.9538|INFO|Microsoft.EntityFrameworkCore.Infrastructure|Entity Framework Core 2.1.14-servicing-32113 initialized 'CityInfoContext' using provider 'Microsoft.EntityFrameworkCore.SqlServer' with options: None
2022-08-06 04:10:56.2630|INFO|Microsoft.EntityFrameworkCore.Database.Command|Executed DbCommand (3ms) [Parameters=[], CommandType='Text', CommandTimeout='60']
IF SERVERPROPERTY('EngineEdition') <> 5
BEGIN
    ALTER DATABASE [CityInfoDB] SET SINGLE_USER WITH ROLLBACK IMMEDIATE;
END;
2022-08-06 04:10:56.2900|INFO|Microsoft.EntityFrameworkCore.Database.Command|Executed DbCommand (24ms) [Parameters=[], CommandType='Text', CommandTimeout='60']
DROP DATABASE [CityInfoDB];
2022-08-06 04:11:06.7816|INFO|Microsoft.EntityFrameworkCore.Database.Command|Executed DbCommand (446ms) [Parameters=[], CommandType='Text', CommandTimeout='60']
CREATE DATABASE [CityInfoDB];
2022-08-06 04:11:06.9586|INFO|Microsoft.EntityFrameworkCore.Database.Command|Executed DbCommand (171ms) [Parameters=[], CommandType='Text', CommandTimeout='60']
IF SERVERPROPERTY('EngineEdition') <> 5
BEGIN
    ALTER DATABASE [CityInfoDB] SET READ_COMMITTED_SNAPSHOT ON;
END;
2022-08-06 04:11:07.0212|INFO|Microsoft.EntityFrameworkCore.Database.Command|Executed DbCommand (6ms) [Parameters=[], CommandType='Text', CommandTimeout='30']
CREATE TABLE [__EFMigrationsHistory] (
    [MigrationId] nvarchar(150) NOT NULL,
    [ProductVersion] nvarchar(32) NOT NULL,
    CONSTRAINT [PK___EFMigrationsHistory] PRIMARY KEY ([MigrationId])
);
2022-08-06 04:11:07.0280|INFO|Microsoft.EntityFrameworkCore.Database.Command|Executed DbCommand (3ms) [Parameters=[], CommandType='Text', CommandTimeout='30']
SELECT OBJECT_ID(N'[__EFMigrationsHistory]');
2022-08-06 04:11:07.0280|INFO|Microsoft.EntityFrameworkCore.Database.Command|Executed DbCommand (1ms) [Parameters=[], CommandType='Text', CommandTimeout='30']
SELECT [MigrationId], [ProductVersion]
FROM [__EFMigrationsHistory]
ORDER BY [MigrationId];
2022-08-06 04:11:07.0280|INFO|Microsoft.EntityFrameworkCore.Migrations|Applying migration '20220805132447_CityInfoDBInitialMigration'.
2022-08-06 04:11:07.0607|INFO|Microsoft.EntityFrameworkCore.Database.Command|Executed DbCommand (3ms) [Parameters=[], CommandType='Text', CommandTimeout='30']
CREATE TABLE [Cities] (
    [Id] int NOT NULL IDENTITY,
    [Name] nvarchar(50) NOT NULL,
    [Description] nvarchar(200) NULL,
    CONSTRAINT [PK_Cities] PRIMARY KEY ([Id])
);
2022-08-06 04:11:07.0607|INFO|Microsoft.EntityFrameworkCore.Database.Command|Executed DbCommand (3ms) [Parameters=[], CommandType='Text', CommandTimeout='30']
CREATE TABLE [PointsOfInterest] (
    [Id] int NOT NULL IDENTITY,
    [Name] nvarchar(50) NOT NULL,
    [CityId] int NOT NULL,
    CONSTRAINT [PK_PointsOfInterest] PRIMARY KEY ([Id]),
    CONSTRAINT [FK_PointsOfInterest_Cities_CityId] FOREIGN KEY ([CityId]) REFERENCES [Cities] ([Id]) ON DELETE CASCADE
);
2022-08-06 04:11:07.0607|INFO|Microsoft.EntityFrameworkCore.Database.Command|Executed DbCommand (2ms) [Parameters=[], CommandType='Text', CommandTimeout='30']
CREATE INDEX [IX_PointsOfInterest_CityId] ON [PointsOfInterest] ([CityId]);
2022-08-06 04:11:07.0607|INFO|Microsoft.EntityFrameworkCore.Database.Command|Executed DbCommand (2ms) [Parameters=[], CommandType='Text', CommandTimeout='30']
INSERT INTO [__EFMigrationsHistory] ([MigrationId], [ProductVersion])
VALUES (N'20220805132447_CityInfoDBInitialMigration', N'2.1.14-servicing-32113');
2022-08-06 04:11:07.0778|INFO|Microsoft.EntityFrameworkCore.Migrations|Applying migration '20220805134318_CityInfoDBAddPoIDescription'.
2022-08-06 04:11:07.0778|INFO|Microsoft.EntityFrameworkCore.Database.Command|Executed DbCommand (2ms) [Parameters=[], CommandType='Text', CommandTimeout='30']
ALTER TABLE [PointsOfInterest] ADD [Description] nvarchar(200) NULL;
2022-08-06 04:11:07.0923|INFO|Microsoft.EntityFrameworkCore.Database.Command|Executed DbCommand (1ms) [Parameters=[], CommandType='Text', CommandTimeout='30']
INSERT INTO [__EFMigrationsHistory] ([MigrationId], [ProductVersion])
VALUES (N'20220805134318_CityInfoDBAddPoIDescription', N'2.1.14-servicing-32113');
2022-08-06 04:11:07.0923|INFO|Microsoft.EntityFrameworkCore.Migrations|Applying migration '20220805141613_SampleData'.
2022-08-06 04:11:07.1289|INFO|Microsoft.EntityFrameworkCore.Database.Command|Executed DbCommand (18ms) [Parameters=[], CommandType='Text', CommandTimeout='30']
IF EXISTS (SELECT * FROM [sys].[identity_columns] WHERE [name] IN (N'Id', N'Description', N'Name') AND [object_id] = OBJECT_ID(N'[Cities]'))
    SET IDENTITY_INSERT [Cities] ON;
INSERT INTO [Cities] ([Id], [Description], [Name])
VALUES (1, N'The one with that big park.', N'New York City');
IF EXISTS (SELECT * FROM [sys].[identity_columns] WHERE [name] IN (N'Id', N'Description', N'Name') AND [object_id] = OBJECT_ID(N'[Cities]'))
    SET IDENTITY_INSERT [Cities] OFF;
2022-08-06 04:11:07.1433|INFO|Microsoft.EntityFrameworkCore.Database.Command|Executed DbCommand (12ms) [Parameters=[], CommandType='Text', CommandTimeout='30']
IF EXISTS (SELECT * FROM [sys].[identity_columns] WHERE [name] IN (N'Id', N'Description', N'Name') AND [object_id] = OBJECT_ID(N'[Cities]'))
    SET IDENTITY_INSERT [Cities] ON;
INSERT INTO [Cities] ([Id], [Description], [Name])
VALUES (2, N'The one with the cathedral that was never really finished.', N'Antwerp');
IF EXISTS (SELECT * FROM [sys].[identity_columns] WHERE [name] IN (N'Id', N'Description', N'Name') AND [object_id] = OBJECT_ID(N'[Cities]'))
    SET IDENTITY_INSERT [Cities] OFF;
2022-08-06 04:11:07.1600|INFO|Microsoft.EntityFrameworkCore.Database.Command|Executed DbCommand (15ms) [Parameters=[], CommandType='Text', CommandTimeout='30']
IF EXISTS (SELECT * FROM [sys].[identity_columns] WHERE [name] IN (N'Id', N'Description', N'Name') AND [object_id] = OBJECT_ID(N'[Cities]'))
    SET IDENTITY_INSERT [Cities] ON;
INSERT INTO [Cities] ([Id], [Description], [Name])
VALUES (3, N'The one with that big tower.', N'Paris');
IF EXISTS (SELECT * FROM [sys].[identity_columns] WHERE [name] IN (N'Id', N'Description', N'Name') AND [object_id] = OBJECT_ID(N'[Cities]'))
    SET IDENTITY_INSERT [Cities] OFF;
2022-08-06 04:11:07.1782|INFO|Microsoft.EntityFrameworkCore.Database.Command|Executed DbCommand (15ms) [Parameters=[], CommandType='Text', CommandTimeout='30']
IF EXISTS (SELECT * FROM [sys].[identity_columns] WHERE [name] IN (N'Id', N'CityId', N'Description', N'Name') AND [object_id] = OBJECT_ID(N'[PointsOfInterest]'))
    SET IDENTITY_INSERT [PointsOfInterest] ON;
INSERT INTO [PointsOfInterest] ([Id], [CityId], [Description], [Name])
VALUES (1, 1, N'The most visited urban park in the United States.', N'Central Park'),
(2, 1, N'A 102-story skyscraper located in Midtown Manhattan.', N'Empire State Building'),
(3, 2, N'A Gothic style cathedral, conceived by architects Jan and Pieter Appelmans.', N'Cathedral'),
(4, 2, N'The the finest example of railway architecture in Belgium.', N'Antwerp Central Station'),
(5, 3, N'A wrought iron lattice tower on the Champ de Mars, named after engineer Gustave Eiffel.', N'Eiffel Tower'),
(6, 3, N'The world''s largest museum.', N'The Louvre');
IF EXISTS (SELECT * FROM [sys].[identity_columns] WHERE [name] IN (N'Id', N'CityId', N'Description', N'Name') AND [object_id] = OBJECT_ID(N'[PointsOfInterest]'))
    SET IDENTITY_INSERT [PointsOfInterest] OFF;
2022-08-06 04:11:07.1782|INFO|Microsoft.EntityFrameworkCore.Database.Command|Executed DbCommand (1ms) [Parameters=[], CommandType='Text', CommandTimeout='30']
INSERT INTO [__EFMigrationsHistory] ([MigrationId], [ProductVersion])
VALUES (N'20220805141613_SampleData', N'2.1.14-servicing-32113');
2022-08-06 04:11:07.2674|INFO|Microsoft.AspNetCore.DataProtection.KeyManagement.XmlKeyManager|User profile is available. Using 'C:\Users\ADEEL\AppData\Local\ASP.NET\DataProtection-Keys' as key repository and Windows DPAPI to encrypt keys at rest.
2022-08-06 04:11:07.6442|INFO|Microsoft.AspNetCore.Hosting.Internal.WebHost|Request starting HTTP/1.1 GET http://localhost:1028/  
2022-08-06 04:11:07.6442|INFO|Microsoft.AspNetCore.Hosting.Internal.WebHost|Request starting HTTP/1.1 DEBUG http://localhost:1028/  0
2022-08-06 04:11:07.6932|INFO|Microsoft.AspNetCore.Hosting.Internal.WebHost|Request finished in 50.1309ms 200 
2022-08-06 04:11:07.8439|INFO|Microsoft.AspNetCore.Hosting.Internal.WebHost|Request finished in 201.9671ms 404 text/plain
2022-08-06 04:11:07.9820|INFO|Microsoft.AspNetCore.Hosting.Internal.WebHost|Request starting HTTP/1.1 GET http://localhost:1028/favicon.ico  
2022-08-06 04:11:07.9820|INFO|Microsoft.AspNetCore.Hosting.Internal.WebHost|Request finished in 11.9241ms 404 text/plain
2022-08-06 04:11:13.3748|INFO|Microsoft.AspNetCore.Hosting.Internal.WebHost|Request starting HTTP/1.1 GET http://localhost:1028/api/cities/10/pointsofinterest  
2022-08-06 04:11:13.4193|INFO|Microsoft.AspNetCore.Mvc.Internal.ControllerActionInvoker|Route matched with {action = "GetPointsOfInterest", controller = "PointsOfInterest"}. Executing controller action with signature Microsoft.AspNetCore.Mvc.IActionResult GetPointsOfInterest(Int32) on controller CityInfo.API.Controllers.PointsOfInterestController (CityInfo.API).
2022-08-06 04:11:13.4582|INFO|Microsoft.AspNetCore.Mvc.Internal.ControllerActionInvoker|Executing action method CityInfo.API.Controllers.PointsOfInterestController.GetPointsOfInterest (CityInfo.API) - Validation state: Valid
2022-08-06 04:11:13.4750|INFO|Microsoft.EntityFrameworkCore.Infrastructure|Entity Framework Core 2.1.14-servicing-32113 initialized 'CityInfoContext' using provider 'Microsoft.EntityFrameworkCore.SqlServer' with options: None
2022-08-06 04:11:13.6404|INFO|Microsoft.EntityFrameworkCore.Database.Command|Executed DbCommand (3ms) [Parameters=[@__cityId_0='?' (DbType = Int32)], CommandType='Text', CommandTimeout='30']
SELECT CASE
    WHEN EXISTS (
        SELECT 1
        FROM [Cities] AS [c]
        WHERE [c].[Id] = @__cityId_0)
    THEN CAST(1 AS BIT) ELSE CAST(0 AS BIT)
END
2022-08-06 04:11:13.6619|INFO|CityInfo.API.Controllers.PointsOfInterestController|City with id 10 wasn't found when accessing points of interest.
2022-08-06 04:11:13.6699|INFO|Microsoft.AspNetCore.Mvc.Internal.ControllerActionInvoker|Executed action method CityInfo.API.Controllers.PointsOfInterestController.GetPointsOfInterest (CityInfo.API), returned result Microsoft.AspNetCore.Mvc.NotFoundResult in 203.7596ms.
2022-08-06 04:11:13.6888|INFO|Microsoft.AspNetCore.Mvc.StatusCodeResult|Executing HttpStatusCodeResult, setting HTTP status code 404
2022-08-06 04:11:13.6888|INFO|Microsoft.AspNetCore.Mvc.Internal.ControllerActionInvoker|Executed action CityInfo.API.Controllers.PointsOfInterestController.GetPointsOfInterest (CityInfo.API) in 270.5048ms
2022-08-06 04:11:13.7039|INFO|Microsoft.AspNetCore.Hosting.Internal.WebHost|Request finished in 331.7692ms 404 text/plain
2022-08-06 04:11:21.2481|INFO|Microsoft.AspNetCore.Hosting.Internal.WebHost|Request starting HTTP/1.1 GET http://localhost:1028/api/cities/1/pointsofinterest  
2022-08-06 04:11:21.2691|INFO|Microsoft.AspNetCore.Mvc.Internal.ControllerActionInvoker|Route matched with {action = "GetPointsOfInterest", controller = "PointsOfInterest"}. Executing controller action with signature Microsoft.AspNetCore.Mvc.IActionResult GetPointsOfInterest(Int32) on controller CityInfo.API.Controllers.PointsOfInterestController (CityInfo.API).
2022-08-06 04:11:21.2691|INFO|Microsoft.AspNetCore.Mvc.Internal.ControllerActionInvoker|Executing action method CityInfo.API.Controllers.PointsOfInterestController.GetPointsOfInterest (CityInfo.API) - Validation state: Valid
2022-08-06 04:11:21.2812|INFO|Microsoft.EntityFrameworkCore.Infrastructure|Entity Framework Core 2.1.14-servicing-32113 initialized 'CityInfoContext' using provider 'Microsoft.EntityFrameworkCore.SqlServer' with options: None
2022-08-06 04:11:21.2812|INFO|Microsoft.EntityFrameworkCore.Database.Command|Executed DbCommand (1ms) [Parameters=[@__cityId_0='?' (DbType = Int32)], CommandType='Text', CommandTimeout='30']
SELECT CASE
    WHEN EXISTS (
        SELECT 1
        FROM [Cities] AS [c]
        WHERE [c].[Id] = @__cityId_0)
    THEN CAST(1 AS BIT) ELSE CAST(0 AS BIT)
END
2022-08-06 04:11:21.3145|INFO|Microsoft.EntityFrameworkCore.Database.Command|Executed DbCommand (3ms) [Parameters=[@__cityId_0='?' (DbType = Int32)], CommandType='Text', CommandTimeout='30']
SELECT [p].[Id], [p].[CityId], [p].[Description], [p].[Name]
FROM [PointsOfInterest] AS [p]
WHERE [p].[CityId] = @__cityId_0
2022-08-06 04:11:21.3330|INFO|Microsoft.AspNetCore.Mvc.Internal.ControllerActionInvoker|Executed action method CityInfo.API.Controllers.PointsOfInterestController.GetPointsOfInterest (CityInfo.API), returned result Microsoft.AspNetCore.Mvc.OkObjectResult in 54.304ms.
2022-08-06 04:11:21.3405|INFO|Microsoft.AspNetCore.Mvc.Infrastructure.ObjectResultExecutor|Executing ObjectResult, writing value of type 'System.Collections.Generic.List`1[[CityInfo.API.Models.PointOfInterestDto, CityInfo.API, Version=1.0.0.0, Culture=neutral, PublicKeyToken=null]]'.
2022-08-06 04:11:21.3956|INFO|Microsoft.AspNetCore.Mvc.Internal.ControllerActionInvoker|Executed action CityInfo.API.Controllers.PointsOfInterestController.GetPointsOfInterest (CityInfo.API) in 123.9953ms
2022-08-06 04:11:21.3956|INFO|Microsoft.AspNetCore.Hosting.Internal.WebHost|Request finished in 150.3638ms 200 application/json; charset=utf-8
2022-08-06 04:11:49.9387|INFO|Microsoft.AspNetCore.Hosting.Internal.WebHost|Request starting HTTP/1.1 GET http://localhost:1028/api/cities/1/pointsofinterest/1  
2022-08-06 04:11:49.9538|INFO|Microsoft.AspNetCore.Mvc.Internal.ControllerActionInvoker|Route matched with {action = "GetPointOfInterest", controller = "PointsOfInterest"}. Executing controller action with signature Microsoft.AspNetCore.Mvc.IActionResult GetPointOfInterest(Int32, Int32) on controller CityInfo.API.Controllers.PointsOfInterestController (CityInfo.API).
2022-08-06 04:11:49.9538|INFO|Microsoft.AspNetCore.Mvc.Internal.ControllerActionInvoker|Executing action method CityInfo.API.Controllers.PointsOfInterestController.GetPointOfInterest (CityInfo.API) - Validation state: Valid
2022-08-06 04:11:49.9538|INFO|Microsoft.EntityFrameworkCore.Infrastructure|Entity Framework Core 2.1.14-servicing-32113 initialized 'CityInfoContext' using provider 'Microsoft.EntityFrameworkCore.SqlServer' with options: None
2022-08-06 04:11:49.9538|INFO|Microsoft.EntityFrameworkCore.Database.Command|Executed DbCommand (0ms) [Parameters=[@__cityId_0='?' (DbType = Int32)], CommandType='Text', CommandTimeout='30']
SELECT CASE
    WHEN EXISTS (
        SELECT 1
        FROM [Cities] AS [c]
        WHERE [c].[Id] = @__cityId_0)
    THEN CAST(1 AS BIT) ELSE CAST(0 AS BIT)
END
2022-08-06 04:11:49.9806|INFO|Microsoft.EntityFrameworkCore.Database.Command|Executed DbCommand (2ms) [Parameters=[@__cityId_0='?' (DbType = Int32), @__pointOfInterestId_1='?' (DbType = Int32)], CommandType='Text', CommandTimeout='30']
SELECT TOP(1) [p].[Id], [p].[CityId], [p].[Description], [p].[Name]
FROM [PointsOfInterest] AS [p]
WHERE ([p].[CityId] = @__cityId_0) AND ([p].[Id] = @__pointOfInterestId_1)
2022-08-06 04:11:49.9861|INFO|Microsoft.AspNetCore.Mvc.Internal.ControllerActionInvoker|Executed action method CityInfo.API.Controllers.PointsOfInterestController.GetPointOfInterest (CityInfo.API), returned result Microsoft.AspNetCore.Mvc.OkObjectResult in 27.1918ms.
2022-08-06 04:11:49.9861|INFO|Microsoft.AspNetCore.Mvc.Infrastructure.ObjectResultExecutor|Executing ObjectResult, writing value of type 'CityInfo.API.Models.PointOfInterestDto'.
2022-08-06 04:11:49.9861|INFO|Microsoft.AspNetCore.Mvc.Internal.ControllerActionInvoker|Executed action CityInfo.API.Controllers.PointsOfInterestController.GetPointOfInterest (CityInfo.API) in 35.2012ms
2022-08-06 04:11:49.9861|INFO|Microsoft.AspNetCore.Hosting.Internal.WebHost|Request finished in 56.4568ms 200 application/json; charset=utf-8
2022-08-06 04:11:56.8273|INFO|Microsoft.AspNetCore.Hosting.Internal.WebHost|Request starting HTTP/1.1 GET http://localhost:1028/api/cities/1/pointsofinterest/10  
2022-08-06 04:11:56.8273|INFO|Microsoft.AspNetCore.Mvc.Internal.ControllerActionInvoker|Route matched with {action = "GetPointOfInterest", controller = "PointsOfInterest"}. Executing controller action with signature Microsoft.AspNetCore.Mvc.IActionResult GetPointOfInterest(Int32, Int32) on controller CityInfo.API.Controllers.PointsOfInterestController (CityInfo.API).
2022-08-06 04:11:56.8443|INFO|Microsoft.AspNetCore.Mvc.Internal.ControllerActionInvoker|Executing action method CityInfo.API.Controllers.PointsOfInterestController.GetPointOfInterest (CityInfo.API) - Validation state: Valid
2022-08-06 04:11:56.8443|INFO|Microsoft.EntityFrameworkCore.Infrastructure|Entity Framework Core 2.1.14-servicing-32113 initialized 'CityInfoContext' using provider 'Microsoft.EntityFrameworkCore.SqlServer' with options: None
2022-08-06 04:11:56.8620|INFO|Microsoft.EntityFrameworkCore.Database.Command|Executed DbCommand (1ms) [Parameters=[@__cityId_0='?' (DbType = Int32)], CommandType='Text', CommandTimeout='30']
SELECT CASE
    WHEN EXISTS (
        SELECT 1
        FROM [Cities] AS [c]
        WHERE [c].[Id] = @__cityId_0)
    THEN CAST(1 AS BIT) ELSE CAST(0 AS BIT)
END
2022-08-06 04:11:56.8620|INFO|Microsoft.EntityFrameworkCore.Database.Command|Executed DbCommand (1ms) [Parameters=[@__cityId_0='?' (DbType = Int32), @__pointOfInterestId_1='?' (DbType = Int32)], CommandType='Text', CommandTimeout='30']
SELECT TOP(1) [p].[Id], [p].[CityId], [p].[Description], [p].[Name]
FROM [PointsOfInterest] AS [p]
WHERE ([p].[CityId] = @__cityId_0) AND ([p].[Id] = @__pointOfInterestId_1)
2022-08-06 04:11:56.8773|INFO|Microsoft.AspNetCore.Mvc.Internal.ControllerActionInvoker|Executed action method CityInfo.API.Controllers.PointsOfInterestController.GetPointOfInterest (CityInfo.API), returned result Microsoft.AspNetCore.Mvc.NotFoundResult in 27.5859ms.
2022-08-06 04:11:56.8773|INFO|Microsoft.AspNetCore.Mvc.StatusCodeResult|Executing HttpStatusCodeResult, setting HTTP status code 404
2022-08-06 04:11:56.8902|INFO|Microsoft.AspNetCore.Mvc.Internal.ControllerActionInvoker|Executed action CityInfo.API.Controllers.PointsOfInterestController.GetPointOfInterest (CityInfo.API) in 48.632ms
2022-08-06 04:11:56.8902|INFO|Microsoft.AspNetCore.Hosting.Internal.WebHost|Request finished in 68.2123ms 404 text/plain
