2022-08-05 03:01:31.2032|INFO|CityInfo.API.Program|Initializing application...
2022-08-05 03:01:40.1711|INFO|Microsoft.AspNetCore.DataProtection.KeyManagement.XmlKeyManager|User profile is available. Using 'C:\Users\ADEEL\AppData\Local\ASP.NET\DataProtection-Keys' as key repository and Windows DPAPI to encrypt keys at rest.
2022-08-05 03:01:41.9518|INFO|Microsoft.AspNetCore.Hosting.Internal.WebHost|Request starting HTTP/1.1 GET http://localhost:1028/  
2022-08-05 03:01:41.9518|INFO|Microsoft.AspNetCore.Hosting.Internal.WebHost|Request starting HTTP/1.1 DEBUG http://localhost:1028/  0
2022-08-05 03:01:42.0916|INFO|Microsoft.AspNetCore.Hosting.Internal.WebHost|Request finished in 140.0516ms 200 
2022-08-05 03:01:42.4796|INFO|Microsoft.AspNetCore.Hosting.Internal.WebHost|Request finished in 542.0828ms 404 text/plain
2022-08-05 03:01:42.7364|INFO|Microsoft.AspNetCore.Hosting.Internal.WebHost|Request starting HTTP/1.1 GET http://localhost:1028/favicon.ico  
2022-08-05 03:01:42.7364|INFO|Microsoft.AspNetCore.Hosting.Internal.WebHost|Request finished in 4.963ms 404 text/plain
2022-08-05 03:02:00.0097|INFO|Microsoft.AspNetCore.Hosting.Internal.WebHost|Request starting HTTP/1.1 GET http://localhost:1028/api/testdatabase  
2022-08-05 03:02:00.0717|INFO|Microsoft.AspNetCore.Mvc.Internal.ControllerActionInvoker|Route matched with {action = "TestDatabase", controller = "Dummy"}. Executing controller action with signature Microsoft.AspNetCore.Mvc.IActionResult TestDatabase() on controller CityInfo.API.Controllers.DummyController (CityInfo.API).
2022-08-05 03:02:00.5500|INFO|Microsoft.EntityFrameworkCore.Infrastructure|Entity Framework Core 2.1.14-servicing-32113 initialized 'CityInfoContext' using provider 'Microsoft.EntityFrameworkCore.SqlServer' with options: None
2022-08-05 03:03:19.4848|INFO|CityInfo.API.Program|Initializing application...
2022-08-05 03:03:21.6665|INFO|Microsoft.AspNetCore.DataProtection.KeyManagement.XmlKeyManager|User profile is available. Using 'C:\Users\ADEEL\AppData\Local\ASP.NET\DataProtection-Keys' as key repository and Windows DPAPI to encrypt keys at rest.
2022-08-05 03:03:22.4125|INFO|Microsoft.AspNetCore.Hosting.Internal.WebHost|Request starting HTTP/1.1 DEBUG http://localhost:1028/  0
2022-08-05 03:03:22.4125|INFO|Microsoft.AspNetCore.Hosting.Internal.WebHost|Request starting HTTP/1.1 GET http://localhost:1028/  
2022-08-05 03:03:22.5000|INFO|Microsoft.AspNetCore.Hosting.Internal.WebHost|Request finished in 84.2685ms 200 
2022-08-05 03:03:22.6778|INFO|Microsoft.AspNetCore.Hosting.Internal.WebHost|Request finished in 272.208ms 404 text/plain
2022-08-05 03:03:22.8210|INFO|Microsoft.AspNetCore.Hosting.Internal.WebHost|Request starting HTTP/1.1 GET http://localhost:1028/favicon.ico  
2022-08-05 03:03:22.8290|INFO|Microsoft.AspNetCore.Hosting.Internal.WebHost|Request finished in 8.9902ms 404 text/plain
2022-08-05 03:03:27.5318|INFO|Microsoft.AspNetCore.Hosting.Internal.WebHost|Request starting HTTP/1.1 GET http://localhost:1028/api/testdatabase  
2022-08-05 03:03:27.5682|INFO|Microsoft.AspNetCore.Mvc.Internal.ControllerActionInvoker|Route matched with {action = "TestDatabase", controller = "Dummy"}. Executing controller action with signature Microsoft.AspNetCore.Mvc.IActionResult TestDatabase() on controller CityInfo.API.Controllers.DummyController (CityInfo.API).
2022-08-05 03:03:27.9409|INFO|Microsoft.EntityFrameworkCore.Infrastructure|Entity Framework Core 2.1.14-servicing-32113 initialized 'CityInfoContext' using provider 'Microsoft.EntityFrameworkCore.SqlServer' with options: None
2022-08-05 03:03:38.3886|INFO|Microsoft.EntityFrameworkCore.Database.Command|Executed DbCommand (274ms) [Parameters=[], CommandType='Text', CommandTimeout='60']
CREATE DATABASE [CityInfoDB];
2022-08-05 03:03:38.4627|INFO|Microsoft.EntityFrameworkCore.Database.Command|Executed DbCommand (71ms) [Parameters=[], CommandType='Text', CommandTimeout='60']
IF SERVERPROPERTY('EngineEdition') <> 5
BEGIN
    ALTER DATABASE [CityInfoDB] SET READ_COMMITTED_SNAPSHOT ON;
END;
2022-08-05 03:03:38.5341|INFO|Microsoft.EntityFrameworkCore.Database.Command|Executed DbCommand (6ms) [Parameters=[], CommandType='Text', CommandTimeout='30']
CREATE TABLE [Cities] (
    [Id] int NOT NULL IDENTITY,
    [Name] nvarchar(50) NOT NULL,
    [Description] nvarchar(200) NULL,
    CONSTRAINT [PK_Cities] PRIMARY KEY ([Id])
);
2022-08-05 03:03:38.5341|INFO|Microsoft.EntityFrameworkCore.Database.Command|Executed DbCommand (5ms) [Parameters=[], CommandType='Text', CommandTimeout='30']
CREATE TABLE [PointsOfInterest] (
    [Id] int NOT NULL IDENTITY,
    [Name] nvarchar(50) NOT NULL,
    [CityId] int NOT NULL,
    CONSTRAINT [PK_PointsOfInterest] PRIMARY KEY ([Id]),
    CONSTRAINT [FK_PointsOfInterest_Cities_CityId] FOREIGN KEY ([CityId]) REFERENCES [Cities] ([Id]) ON DELETE CASCADE
);
2022-08-05 03:03:38.5450|INFO|Microsoft.EntityFrameworkCore.Database.Command|Executed DbCommand (1ms) [Parameters=[], CommandType='Text', CommandTimeout='30']
CREATE INDEX [IX_PointsOfInterest_CityId] ON [PointsOfInterest] ([CityId]);
2022-08-05 03:03:38.5450|INFO|Microsoft.AspNetCore.Mvc.Internal.ControllerActionInvoker|Executing action method CityInfo.API.Controllers.DummyController.TestDatabase (CityInfo.API) - Validation state: Valid
2022-08-05 03:03:38.5612|INFO|Microsoft.AspNetCore.Mvc.Internal.ControllerActionInvoker|Executed action method CityInfo.API.Controllers.DummyController.TestDatabase (CityInfo.API), returned result Microsoft.AspNetCore.Mvc.OkResult in 0.8323ms.
2022-08-05 03:03:38.5612|INFO|Microsoft.AspNetCore.Mvc.StatusCodeResult|Executing HttpStatusCodeResult, setting HTTP status code 200
2022-08-05 03:03:38.5793|INFO|Microsoft.AspNetCore.Mvc.Internal.ControllerActionInvoker|Executed action CityInfo.API.Controllers.DummyController.TestDatabase (CityInfo.API) in 11005.395ms
2022-08-05 03:03:38.5793|INFO|Microsoft.AspNetCore.Hosting.Internal.WebHost|Request finished in 11054.5022ms 200 
2022-08-05 03:09:12.5738|INFO|CityInfo.API.Program|Initializing application...
2022-08-05 03:09:14.4610|INFO|Microsoft.AspNetCore.DataProtection.KeyManagement.XmlKeyManager|User profile is available. Using 'C:\Users\ADEEL\AppData\Local\ASP.NET\DataProtection-Keys' as key repository and Windows DPAPI to encrypt keys at rest.
2022-08-05 03:09:15.0263|INFO|Microsoft.AspNetCore.Hosting.Internal.WebHost|Request starting HTTP/1.1 DEBUG http://localhost:1028/  0
2022-08-05 03:09:15.0263|INFO|Microsoft.AspNetCore.Hosting.Internal.WebHost|Request starting HTTP/1.1 GET http://localhost:1028/  
2022-08-05 03:09:15.0891|INFO|Microsoft.AspNetCore.Hosting.Internal.WebHost|Request finished in 65.0108ms 200 
2022-08-05 03:09:15.2648|INFO|Microsoft.AspNetCore.Hosting.Internal.WebHost|Request finished in 242.0206ms 404 text/plain
2022-08-05 03:09:15.4112|INFO|Microsoft.AspNetCore.Hosting.Internal.WebHost|Request starting HTTP/1.1 GET http://localhost:1028/favicon.ico  
2022-08-05 03:09:15.4112|INFO|Microsoft.AspNetCore.Hosting.Internal.WebHost|Request finished in 3.4371ms 404 text/plain
2022-08-05 03:09:20.9347|INFO|Microsoft.AspNetCore.Hosting.Internal.WebHost|Request starting HTTP/1.1 GET http://localhost:1028/api/testdatabase  
2022-08-05 03:09:20.9734|INFO|Microsoft.AspNetCore.Mvc.Internal.ControllerActionInvoker|Route matched with {action = "TestDatabase", controller = "Dummy"}. Executing controller action with signature Microsoft.AspNetCore.Mvc.IActionResult TestDatabase() on controller CityInfo.API.Controllers.DummyController (CityInfo.API).
2022-08-05 03:09:21.3550|INFO|Microsoft.EntityFrameworkCore.Infrastructure|Entity Framework Core 2.1.14-servicing-32113 initialized 'CityInfoContext' using provider 'Microsoft.EntityFrameworkCore.SqlServer' with options: None
2022-08-05 03:09:21.5855|INFO|Microsoft.EntityFrameworkCore.Database.Command|Executed DbCommand (38ms) [Parameters=[], CommandType='Text', CommandTimeout='30']
IF EXISTS (SELECT * FROM INFORMATION_SCHEMA.TABLES WHERE TABLE_TYPE = 'BASE TABLE') SELECT 1 ELSE SELECT 0
2022-08-05 03:09:21.5934|INFO|Microsoft.AspNetCore.Mvc.Internal.ControllerActionInvoker|Executing action method CityInfo.API.Controllers.DummyController.TestDatabase (CityInfo.API) - Validation state: Valid
2022-08-05 03:09:21.5934|INFO|Microsoft.AspNetCore.Mvc.Internal.ControllerActionInvoker|Executed action method CityInfo.API.Controllers.DummyController.TestDatabase (CityInfo.API), returned result Microsoft.AspNetCore.Mvc.OkResult in 0.2553ms.
2022-08-05 03:09:21.6085|INFO|Microsoft.AspNetCore.Mvc.StatusCodeResult|Executing HttpStatusCodeResult, setting HTTP status code 200
2022-08-05 03:09:21.6085|INFO|Microsoft.AspNetCore.Mvc.Internal.ControllerActionInvoker|Executed action CityInfo.API.Controllers.DummyController.TestDatabase (CityInfo.API) in 635.642ms
2022-08-05 03:09:21.6232|INFO|Microsoft.AspNetCore.Hosting.Internal.WebHost|Request finished in 687.1951ms 200 
2022-08-05 18:24:47.0872|INFO|Microsoft.EntityFrameworkCore.Infrastructure|Entity Framework Core 2.1.14-servicing-32113 initialized 'CityInfoContext' using provider 'Microsoft.EntityFrameworkCore.SqlServer' with options: None
2022-08-05 18:28:30.5672|INFO|Microsoft.EntityFrameworkCore.Infrastructure|Entity Framework Core 2.1.14-servicing-32113 initialized 'CityInfoContext' using provider 'Microsoft.EntityFrameworkCore.SqlServer' with options: None
2022-08-05 18:28:41.1235|INFO|Microsoft.EntityFrameworkCore.Database.Command|Executed DbCommand (226ms) [Parameters=[], CommandType='Text', CommandTimeout='60']
CREATE DATABASE [CityInfoDB];
2022-08-05 18:28:41.2051|INFO|Microsoft.EntityFrameworkCore.Database.Command|Executed DbCommand (78ms) [Parameters=[], CommandType='Text', CommandTimeout='60']
IF SERVERPROPERTY('EngineEdition') <> 5
BEGIN
    ALTER DATABASE [CityInfoDB] SET READ_COMMITTED_SNAPSHOT ON;
END;
2022-08-05 18:28:41.2526|INFO|Microsoft.EntityFrameworkCore.Database.Command|Executed DbCommand (6ms) [Parameters=[], CommandType='Text', CommandTimeout='30']
CREATE TABLE [__EFMigrationsHistory] (
    [MigrationId] nvarchar(150) NOT NULL,
    [ProductVersion] nvarchar(32) NOT NULL,
    CONSTRAINT [PK___EFMigrationsHistory] PRIMARY KEY ([MigrationId])
);
2022-08-05 18:28:41.2526|INFO|Microsoft.EntityFrameworkCore.Database.Command|Executed DbCommand (3ms) [Parameters=[], CommandType='Text', CommandTimeout='30']
SELECT OBJECT_ID(N'[__EFMigrationsHistory]');
2022-08-05 18:28:41.2526|INFO|Microsoft.EntityFrameworkCore.Database.Command|Executed DbCommand (1ms) [Parameters=[], CommandType='Text', CommandTimeout='30']
SELECT [MigrationId], [ProductVersion]
FROM [__EFMigrationsHistory]
ORDER BY [MigrationId];
2022-08-05 18:28:41.2526|INFO|Microsoft.EntityFrameworkCore.Migrations|Applying migration '20220805132447_CityInfoDBInitialMigration'.
2022-08-05 18:28:41.2734|INFO|Microsoft.EntityFrameworkCore.Database.Command|Executed DbCommand (1ms) [Parameters=[], CommandType='Text', CommandTimeout='30']
CREATE TABLE [Cities] (
    [Id] int NOT NULL IDENTITY,
    [Name] nvarchar(50) NOT NULL,
    [Description] nvarchar(200) NULL,
    CONSTRAINT [PK_Cities] PRIMARY KEY ([Id])
);
2022-08-05 18:28:41.2734|INFO|Microsoft.EntityFrameworkCore.Database.Command|Executed DbCommand (2ms) [Parameters=[], CommandType='Text', CommandTimeout='30']
CREATE TABLE [PointsOfInterest] (
    [Id] int NOT NULL IDENTITY,
    [Name] nvarchar(50) NOT NULL,
    [CityId] int NOT NULL,
    CONSTRAINT [PK_PointsOfInterest] PRIMARY KEY ([Id]),
    CONSTRAINT [FK_PointsOfInterest_Cities_CityId] FOREIGN KEY ([CityId]) REFERENCES [Cities] ([Id]) ON DELETE CASCADE
);
2022-08-05 18:28:41.2734|INFO|Microsoft.EntityFrameworkCore.Database.Command|Executed DbCommand (1ms) [Parameters=[], CommandType='Text', CommandTimeout='30']
CREATE INDEX [IX_PointsOfInterest_CityId] ON [PointsOfInterest] ([CityId]);
2022-08-05 18:28:41.2785|INFO|Microsoft.EntityFrameworkCore.Database.Command|Executed DbCommand (2ms) [Parameters=[], CommandType='Text', CommandTimeout='30']
INSERT INTO [__EFMigrationsHistory] ([MigrationId], [ProductVersion])
VALUES (N'20220805132447_CityInfoDBInitialMigration', N'2.1.14-servicing-32113');
2022-08-05 18:38:28.6288|INFO|CityInfo.API.Program|Initializing application...
2022-08-05 18:38:32.0895|INFO|Microsoft.EntityFrameworkCore.Infrastructure|Entity Framework Core 2.1.14-servicing-32113 initialized 'CityInfoContext' using provider 'Microsoft.EntityFrameworkCore.SqlServer' with options: None
2022-08-05 18:38:42.8130|INFO|Microsoft.EntityFrameworkCore.Database.Command|Executed DbCommand (287ms) [Parameters=[], CommandType='Text', CommandTimeout='60']
CREATE DATABASE [CityInfoDB];
2022-08-05 18:38:42.8996|INFO|Microsoft.EntityFrameworkCore.Database.Command|Executed DbCommand (75ms) [Parameters=[], CommandType='Text', CommandTimeout='60']
IF SERVERPROPERTY('EngineEdition') <> 5
BEGIN
    ALTER DATABASE [CityInfoDB] SET READ_COMMITTED_SNAPSHOT ON;
END;
2022-08-05 18:38:42.9635|INFO|Microsoft.EntityFrameworkCore.Database.Command|Executed DbCommand (6ms) [Parameters=[], CommandType='Text', CommandTimeout='30']
CREATE TABLE [__EFMigrationsHistory] (
    [MigrationId] nvarchar(150) NOT NULL,
    [ProductVersion] nvarchar(32) NOT NULL,
    CONSTRAINT [PK___EFMigrationsHistory] PRIMARY KEY ([MigrationId])
);
2022-08-05 18:38:42.9705|INFO|Microsoft.EntityFrameworkCore.Database.Command|Executed DbCommand (3ms) [Parameters=[], CommandType='Text', CommandTimeout='30']
SELECT OBJECT_ID(N'[__EFMigrationsHistory]');
2022-08-05 18:38:42.9705|INFO|Microsoft.EntityFrameworkCore.Database.Command|Executed DbCommand (1ms) [Parameters=[], CommandType='Text', CommandTimeout='30']
SELECT [MigrationId], [ProductVersion]
FROM [__EFMigrationsHistory]
ORDER BY [MigrationId];
2022-08-05 18:38:42.9830|INFO|Microsoft.EntityFrameworkCore.Migrations|Applying migration '20220805132447_CityInfoDBInitialMigration'.
2022-08-05 18:38:43.0055|INFO|Microsoft.EntityFrameworkCore.Database.Command|Executed DbCommand (1ms) [Parameters=[], CommandType='Text', CommandTimeout='30']
CREATE TABLE [Cities] (
    [Id] int NOT NULL IDENTITY,
    [Name] nvarchar(50) NOT NULL,
    [Description] nvarchar(200) NULL,
    CONSTRAINT [PK_Cities] PRIMARY KEY ([Id])
);
2022-08-05 18:38:43.0055|INFO|Microsoft.EntityFrameworkCore.Database.Command|Executed DbCommand (3ms) [Parameters=[], CommandType='Text', CommandTimeout='30']
CREATE TABLE [PointsOfInterest] (
    [Id] int NOT NULL IDENTITY,
    [Name] nvarchar(50) NOT NULL,
    [CityId] int NOT NULL,
    CONSTRAINT [PK_PointsOfInterest] PRIMARY KEY ([Id]),
    CONSTRAINT [FK_PointsOfInterest_Cities_CityId] FOREIGN KEY ([CityId]) REFERENCES [Cities] ([Id]) ON DELETE CASCADE
);
2022-08-05 18:38:43.0143|INFO|Microsoft.EntityFrameworkCore.Database.Command|Executed DbCommand (2ms) [Parameters=[], CommandType='Text', CommandTimeout='30']
CREATE INDEX [IX_PointsOfInterest_CityId] ON [PointsOfInterest] ([CityId]);
2022-08-05 18:38:43.0143|INFO|Microsoft.EntityFrameworkCore.Database.Command|Executed DbCommand (2ms) [Parameters=[], CommandType='Text', CommandTimeout='30']
INSERT INTO [__EFMigrationsHistory] ([MigrationId], [ProductVersion])
VALUES (N'20220805132447_CityInfoDBInitialMigration', N'2.1.14-servicing-32113');
2022-08-05 18:38:43.1248|INFO|Microsoft.AspNetCore.DataProtection.KeyManagement.XmlKeyManager|User profile is available. Using 'C:\Users\ADEEL\AppData\Local\ASP.NET\DataProtection-Keys' as key repository and Windows DPAPI to encrypt keys at rest.
2022-08-05 18:38:43.8057|INFO|Microsoft.AspNetCore.Hosting.Internal.WebHost|Request starting HTTP/1.1 GET http://localhost:1028/  
2022-08-05 18:38:43.8057|INFO|Microsoft.AspNetCore.Hosting.Internal.WebHost|Request starting HTTP/1.1 DEBUG http://localhost:1028/  0
2022-08-05 18:38:43.8747|INFO|Microsoft.AspNetCore.Hosting.Internal.WebHost|Request finished in 64.4354ms 200 
2022-08-05 18:38:44.0438|INFO|Microsoft.AspNetCore.Hosting.Internal.WebHost|Request finished in 246.2778ms 404 text/plain
2022-08-05 18:38:44.4867|INFO|Microsoft.AspNetCore.Hosting.Internal.WebHost|Request starting HTTP/1.1 GET http://localhost:1028/favicon.ico  
2022-08-05 18:38:44.4989|INFO|Microsoft.AspNetCore.Hosting.Internal.WebHost|Request finished in 9.7806ms 404 text/plain
2022-08-05 18:43:18.5647|INFO|Microsoft.EntityFrameworkCore.Infrastructure|Entity Framework Core 2.1.14-servicing-32113 initialized 'CityInfoContext' using provider 'Microsoft.EntityFrameworkCore.SqlServer' with options: None
2022-08-05 18:44:52.0315|INFO|CityInfo.API.Program|Initializing application...
2022-08-05 18:44:54.1131|INFO|Microsoft.EntityFrameworkCore.Infrastructure|Entity Framework Core 2.1.14-servicing-32113 initialized 'CityInfoContext' using provider 'Microsoft.EntityFrameworkCore.SqlServer' with options: None
2022-08-05 18:44:54.4277|INFO|Microsoft.EntityFrameworkCore.Database.Command|Executed DbCommand (3ms) [Parameters=[], CommandType='Text', CommandTimeout='60']
IF SERVERPROPERTY('EngineEdition') <> 5
BEGIN
    ALTER DATABASE [CityInfoDB] SET SINGLE_USER WITH ROLLBACK IMMEDIATE;
END;
2022-08-05 18:44:54.4497|INFO|Microsoft.EntityFrameworkCore.Database.Command|Executed DbCommand (18ms) [Parameters=[], CommandType='Text', CommandTimeout='60']
DROP DATABASE [CityInfoDB];
2022-08-05 18:45:04.7648|INFO|Microsoft.EntityFrameworkCore.Database.Command|Executed DbCommand (276ms) [Parameters=[], CommandType='Text', CommandTimeout='60']
CREATE DATABASE [CityInfoDB];
2022-08-05 18:45:04.8363|INFO|Microsoft.EntityFrameworkCore.Database.Command|Executed DbCommand (69ms) [Parameters=[], CommandType='Text', CommandTimeout='60']
IF SERVERPROPERTY('EngineEdition') <> 5
BEGIN
    ALTER DATABASE [CityInfoDB] SET READ_COMMITTED_SNAPSHOT ON;
END;
2022-08-05 18:45:04.8907|INFO|Microsoft.EntityFrameworkCore.Database.Command|Executed DbCommand (7ms) [Parameters=[], CommandType='Text', CommandTimeout='30']
CREATE TABLE [__EFMigrationsHistory] (
    [MigrationId] nvarchar(150) NOT NULL,
    [ProductVersion] nvarchar(32) NOT NULL,
    CONSTRAINT [PK___EFMigrationsHistory] PRIMARY KEY ([MigrationId])
);
2022-08-05 18:45:04.8907|INFO|Microsoft.EntityFrameworkCore.Database.Command|Executed DbCommand (3ms) [Parameters=[], CommandType='Text', CommandTimeout='30']
SELECT OBJECT_ID(N'[__EFMigrationsHistory]');
2022-08-05 18:45:04.8907|INFO|Microsoft.EntityFrameworkCore.Database.Command|Executed DbCommand (1ms) [Parameters=[], CommandType='Text', CommandTimeout='30']
SELECT [MigrationId], [ProductVersion]
FROM [__EFMigrationsHistory]
ORDER BY [MigrationId];
2022-08-05 18:45:04.9120|INFO|Microsoft.EntityFrameworkCore.Migrations|Applying migration '20220805132447_CityInfoDBInitialMigration'.
2022-08-05 18:45:04.9293|INFO|Microsoft.EntityFrameworkCore.Database.Command|Executed DbCommand (3ms) [Parameters=[], CommandType='Text', CommandTimeout='30']
CREATE TABLE [Cities] (
    [Id] int NOT NULL IDENTITY,
    [Name] nvarchar(50) NOT NULL,
    [Description] nvarchar(200) NULL,
    CONSTRAINT [PK_Cities] PRIMARY KEY ([Id])
);
2022-08-05 18:45:04.9293|INFO|Microsoft.EntityFrameworkCore.Database.Command|Executed DbCommand (3ms) [Parameters=[], CommandType='Text', CommandTimeout='30']
CREATE TABLE [PointsOfInterest] (
    [Id] int NOT NULL IDENTITY,
    [Name] nvarchar(50) NOT NULL,
    [CityId] int NOT NULL,
    CONSTRAINT [PK_PointsOfInterest] PRIMARY KEY ([Id]),
    CONSTRAINT [FK_PointsOfInterest_Cities_CityId] FOREIGN KEY ([CityId]) REFERENCES [Cities] ([Id]) ON DELETE CASCADE
);
2022-08-05 18:45:04.9383|INFO|Microsoft.EntityFrameworkCore.Database.Command|Executed DbCommand (2ms) [Parameters=[], CommandType='Text', CommandTimeout='30']
CREATE INDEX [IX_PointsOfInterest_CityId] ON [PointsOfInterest] ([CityId]);
2022-08-05 18:45:04.9383|INFO|Microsoft.EntityFrameworkCore.Database.Command|Executed DbCommand (2ms) [Parameters=[], CommandType='Text', CommandTimeout='30']
INSERT INTO [__EFMigrationsHistory] ([MigrationId], [ProductVersion])
VALUES (N'20220805132447_CityInfoDBInitialMigration', N'2.1.14-servicing-32113');
2022-08-05 18:45:04.9383|INFO|Microsoft.EntityFrameworkCore.Migrations|Applying migration '20220805134318_CityInfoDBAddPoIDescription'.
2022-08-05 18:45:04.9620|INFO|Microsoft.EntityFrameworkCore.Database.Command|Executed DbCommand (11ms) [Parameters=[], CommandType='Text', CommandTimeout='30']
ALTER TABLE [PointsOfInterest] ADD [Description] nvarchar(200) NULL;
2022-08-05 18:45:04.9663|INFO|Microsoft.EntityFrameworkCore.Database.Command|Executed DbCommand (1ms) [Parameters=[], CommandType='Text', CommandTimeout='30']
INSERT INTO [__EFMigrationsHistory] ([MigrationId], [ProductVersion])
VALUES (N'20220805134318_CityInfoDBAddPoIDescription', N'2.1.14-servicing-32113');
2022-08-05 18:45:05.0537|INFO|Microsoft.AspNetCore.DataProtection.KeyManagement.XmlKeyManager|User profile is available. Using 'C:\Users\ADEEL\AppData\Local\ASP.NET\DataProtection-Keys' as key repository and Windows DPAPI to encrypt keys at rest.
2022-08-05 18:45:05.4839|INFO|Microsoft.AspNetCore.Hosting.Internal.WebHost|Request starting HTTP/1.1 DEBUG http://localhost:1028/  0
2022-08-05 18:45:05.4839|INFO|Microsoft.AspNetCore.Hosting.Internal.WebHost|Request starting HTTP/1.1 GET http://localhost:1028/  
2022-08-05 18:45:05.5330|INFO|Microsoft.AspNetCore.Hosting.Internal.WebHost|Request finished in 51.4703ms 200 
2022-08-05 18:45:05.6739|INFO|Microsoft.AspNetCore.Hosting.Internal.WebHost|Request finished in 194.8103ms 404 text/plain
2022-08-05 18:45:05.8026|INFO|Microsoft.AspNetCore.Hosting.Internal.WebHost|Request starting HTTP/1.1 GET http://localhost:1028/favicon.ico  
2022-08-05 18:45:05.8251|INFO|Microsoft.AspNetCore.Hosting.Internal.WebHost|Request finished in 10.5192ms 404 text/plain
2022-08-05 19:10:17.7407|INFO|CityInfo.API.Program|Initializing application...
2022-08-05 19:10:20.8261|INFO|Microsoft.EntityFrameworkCore.Infrastructure|Entity Framework Core 2.1.14-servicing-32113 initialized 'CityInfoContext' using provider 'Microsoft.EntityFrameworkCore.SqlServer' with options: None
2022-08-05 19:10:21.1728|INFO|Microsoft.EntityFrameworkCore.Database.Command|Executed DbCommand (14ms) [Parameters=[], CommandType='Text', CommandTimeout='60']
IF SERVERPROPERTY('EngineEdition') <> 5
BEGIN
    ALTER DATABASE [CityInfoDB] SET SINGLE_USER WITH ROLLBACK IMMEDIATE;
END;
2022-08-05 19:10:21.1959|INFO|Microsoft.EntityFrameworkCore.Database.Command|Executed DbCommand (19ms) [Parameters=[], CommandType='Text', CommandTimeout='60']
DROP DATABASE [CityInfoDB];
2022-08-05 19:10:31.5545|INFO|Microsoft.EntityFrameworkCore.Database.Command|Executed DbCommand (329ms) [Parameters=[], CommandType='Text', CommandTimeout='60']
CREATE DATABASE [CityInfoDB];
2022-08-05 19:10:31.6317|INFO|Microsoft.EntityFrameworkCore.Database.Command|Executed DbCommand (75ms) [Parameters=[], CommandType='Text', CommandTimeout='60']
IF SERVERPROPERTY('EngineEdition') <> 5
BEGIN
    ALTER DATABASE [CityInfoDB] SET READ_COMMITTED_SNAPSHOT ON;
END;
2022-08-05 19:10:31.7023|INFO|Microsoft.EntityFrameworkCore.Database.Command|Executed DbCommand (8ms) [Parameters=[], CommandType='Text', CommandTimeout='30']
CREATE TABLE [__EFMigrationsHistory] (
    [MigrationId] nvarchar(150) NOT NULL,
    [ProductVersion] nvarchar(32) NOT NULL,
    CONSTRAINT [PK___EFMigrationsHistory] PRIMARY KEY ([MigrationId])
);
2022-08-05 19:10:31.7023|INFO|Microsoft.EntityFrameworkCore.Database.Command|Executed DbCommand (3ms) [Parameters=[], CommandType='Text', CommandTimeout='30']
SELECT OBJECT_ID(N'[__EFMigrationsHistory]');
2022-08-05 19:10:31.7023|INFO|Microsoft.EntityFrameworkCore.Database.Command|Executed DbCommand (5ms) [Parameters=[], CommandType='Text', CommandTimeout='30']
SELECT [MigrationId], [ProductVersion]
FROM [__EFMigrationsHistory]
ORDER BY [MigrationId];
2022-08-05 19:10:31.7235|INFO|Microsoft.EntityFrameworkCore.Migrations|Applying migration '20220805132447_CityInfoDBInitialMigration'.
2022-08-05 19:10:31.7399|INFO|Microsoft.EntityFrameworkCore.Database.Command|Executed DbCommand (1ms) [Parameters=[], CommandType='Text', CommandTimeout='30']
CREATE TABLE [Cities] (
    [Id] int NOT NULL IDENTITY,
    [Name] nvarchar(50) NOT NULL,
    [Description] nvarchar(200) NULL,
    CONSTRAINT [PK_Cities] PRIMARY KEY ([Id])
);
2022-08-05 19:10:31.7399|INFO|Microsoft.EntityFrameworkCore.Database.Command|Executed DbCommand (3ms) [Parameters=[], CommandType='Text', CommandTimeout='30']
CREATE TABLE [PointsOfInterest] (
    [Id] int NOT NULL IDENTITY,
    [Name] nvarchar(50) NOT NULL,
    [CityId] int NOT NULL,
    CONSTRAINT [PK_PointsOfInterest] PRIMARY KEY ([Id]),
    CONSTRAINT [FK_PointsOfInterest_Cities_CityId] FOREIGN KEY ([CityId]) REFERENCES [Cities] ([Id]) ON DELETE CASCADE
);
2022-08-05 19:10:31.7491|INFO|Microsoft.EntityFrameworkCore.Database.Command|Executed DbCommand (2ms) [Parameters=[], CommandType='Text', CommandTimeout='30']
CREATE INDEX [IX_PointsOfInterest_CityId] ON [PointsOfInterest] ([CityId]);
2022-08-05 19:10:31.7491|INFO|Microsoft.EntityFrameworkCore.Database.Command|Executed DbCommand (2ms) [Parameters=[], CommandType='Text', CommandTimeout='30']
INSERT INTO [__EFMigrationsHistory] ([MigrationId], [ProductVersion])
VALUES (N'20220805132447_CityInfoDBInitialMigration', N'2.1.14-servicing-32113');
2022-08-05 19:10:31.7491|INFO|Microsoft.EntityFrameworkCore.Migrations|Applying migration '20220805134318_CityInfoDBAddPoIDescription'.
2022-08-05 19:10:31.7638|INFO|Microsoft.EntityFrameworkCore.Database.Command|Executed DbCommand (3ms) [Parameters=[], CommandType='Text', CommandTimeout='30']
ALTER TABLE [PointsOfInterest] ADD [Description] nvarchar(200) NULL;
2022-08-05 19:10:31.7638|INFO|Microsoft.EntityFrameworkCore.Database.Command|Executed DbCommand (1ms) [Parameters=[], CommandType='Text', CommandTimeout='30']
INSERT INTO [__EFMigrationsHistory] ([MigrationId], [ProductVersion])
VALUES (N'20220805134318_CityInfoDBAddPoIDescription', N'2.1.14-servicing-32113');
2022-08-05 19:10:31.8503|INFO|Microsoft.AspNetCore.DataProtection.KeyManagement.XmlKeyManager|User profile is available. Using 'C:\Users\ADEEL\AppData\Local\ASP.NET\DataProtection-Keys' as key repository and Windows DPAPI to encrypt keys at rest.
2022-08-05 19:10:32.4769|INFO|Microsoft.AspNetCore.Hosting.Internal.WebHost|Request starting HTTP/1.1 GET http://localhost:1028/  
2022-08-05 19:10:32.4769|INFO|Microsoft.AspNetCore.Hosting.Internal.WebHost|Request starting HTTP/1.1 DEBUG http://localhost:1028/  0
2022-08-05 19:10:32.5326|INFO|Microsoft.AspNetCore.Hosting.Internal.WebHost|Request finished in 88.2493ms 200 
2022-08-05 19:10:32.6817|INFO|Microsoft.AspNetCore.Hosting.Internal.WebHost|Request finished in 244.7597ms 404 text/plain
2022-08-05 19:10:32.8193|INFO|Microsoft.AspNetCore.Hosting.Internal.WebHost|Request starting HTTP/1.1 GET http://localhost:1028/favicon.ico  
2022-08-05 19:10:32.8315|INFO|Microsoft.AspNetCore.Hosting.Internal.WebHost|Request finished in 4.5332ms 404 text/plain
2022-08-05 19:10:40.7344|INFO|Microsoft.AspNetCore.Hosting.Internal.WebHost|Request starting HTTP/1.1 GET http://localhost:1028/api/cities  
2022-08-05 19:10:40.8864|INFO|Microsoft.AspNetCore.Mvc.Internal.ControllerActionInvoker|Route matched with {action = "GetCities", controller = "Cities"}. Executing controller action with signature Microsoft.AspNetCore.Mvc.IActionResult GetCities() on controller CityInfo.API.Controllers.CitiesController (CityInfo.API).
2022-08-05 19:10:40.9509|INFO|Microsoft.AspNetCore.Mvc.Internal.ControllerActionInvoker|Executing action method CityInfo.API.Controllers.CitiesController.GetCities (CityInfo.API) - Validation state: Valid
2022-08-05 19:10:40.9824|INFO|Microsoft.AspNetCore.Mvc.Internal.ControllerActionInvoker|Executed action method CityInfo.API.Controllers.CitiesController.GetCities (CityInfo.API), returned result Microsoft.AspNetCore.Mvc.OkObjectResult in 9.764ms.
2022-08-05 19:10:41.0204|INFO|Microsoft.AspNetCore.Mvc.Infrastructure.ObjectResultExecutor|Executing ObjectResult, writing value of type 'System.Collections.Generic.List`1[[CityInfo.API.Models.CityDto, CityInfo.API, Version=1.0.0.0, Culture=neutral, PublicKeyToken=null]]'.
2022-08-05 19:10:41.3461|INFO|Microsoft.AspNetCore.Mvc.Internal.ControllerActionInvoker|Executed action CityInfo.API.Controllers.CitiesController.GetCities (CityInfo.API) in 384.4683ms
2022-08-05 19:10:41.4531|INFO|Microsoft.AspNetCore.Hosting.Internal.WebHost|Request finished in 645.2161ms 200 application/json; charset=utf-8
2022-08-05 19:16:13.4881|INFO|Microsoft.EntityFrameworkCore.Infrastructure|Entity Framework Core 2.1.14-servicing-32113 initialized 'CityInfoContext' using provider 'Microsoft.EntityFrameworkCore.SqlServer' with options: None
2022-08-05 19:17:02.6900|INFO|CityInfo.API.Program|Initializing application...
2022-08-05 19:17:04.8985|INFO|Microsoft.EntityFrameworkCore.Infrastructure|Entity Framework Core 2.1.14-servicing-32113 initialized 'CityInfoContext' using provider 'Microsoft.EntityFrameworkCore.SqlServer' with options: None
2022-08-05 19:17:05.2382|INFO|Microsoft.EntityFrameworkCore.Database.Command|Executed DbCommand (18ms) [Parameters=[], CommandType='Text', CommandTimeout='60']
IF SERVERPROPERTY('EngineEdition') <> 5
BEGIN
    ALTER DATABASE [CityInfoDB] SET SINGLE_USER WITH ROLLBACK IMMEDIATE;
END;
2022-08-05 19:17:05.2672|INFO|Microsoft.EntityFrameworkCore.Database.Command|Executed DbCommand (22ms) [Parameters=[], CommandType='Text', CommandTimeout='60']
DROP DATABASE [CityInfoDB];
2022-08-05 19:17:15.7659|INFO|Microsoft.EntityFrameworkCore.Database.Command|Executed DbCommand (451ms) [Parameters=[], CommandType='Text', CommandTimeout='60']
CREATE DATABASE [CityInfoDB];
2022-08-05 19:17:15.9738|INFO|Microsoft.EntityFrameworkCore.Database.Command|Executed DbCommand (199ms) [Parameters=[], CommandType='Text', CommandTimeout='60']
IF SERVERPROPERTY('EngineEdition') <> 5
BEGIN
    ALTER DATABASE [CityInfoDB] SET READ_COMMITTED_SNAPSHOT ON;
END;
2022-08-05 19:17:16.0859|INFO|Microsoft.EntityFrameworkCore.Database.Command|Executed DbCommand (11ms) [Parameters=[], CommandType='Text', CommandTimeout='30']
CREATE TABLE [__EFMigrationsHistory] (
    [MigrationId] nvarchar(150) NOT NULL,
    [ProductVersion] nvarchar(32) NOT NULL,
    CONSTRAINT [PK___EFMigrationsHistory] PRIMARY KEY ([MigrationId])
);
2022-08-05 19:17:16.0972|INFO|Microsoft.EntityFrameworkCore.Database.Command|Executed DbCommand (4ms) [Parameters=[], CommandType='Text', CommandTimeout='30']
SELECT OBJECT_ID(N'[__EFMigrationsHistory]');
2022-08-05 19:17:16.0972|INFO|Microsoft.EntityFrameworkCore.Database.Command|Executed DbCommand (2ms) [Parameters=[], CommandType='Text', CommandTimeout='30']
SELECT [MigrationId], [ProductVersion]
FROM [__EFMigrationsHistory]
ORDER BY [MigrationId];
2022-08-05 19:17:16.1195|INFO|Microsoft.EntityFrameworkCore.Migrations|Applying migration '20220805132447_CityInfoDBInitialMigration'.
2022-08-05 19:17:16.1474|INFO|Microsoft.EntityFrameworkCore.Database.Command|Executed DbCommand (2ms) [Parameters=[], CommandType='Text', CommandTimeout='30']
CREATE TABLE [Cities] (
    [Id] int NOT NULL IDENTITY,
    [Name] nvarchar(50) NOT NULL,
    [Description] nvarchar(200) NULL,
    CONSTRAINT [PK_Cities] PRIMARY KEY ([Id])
);
2022-08-05 19:17:16.1541|INFO|Microsoft.EntityFrameworkCore.Database.Command|Executed DbCommand (4ms) [Parameters=[], CommandType='Text', CommandTimeout='30']
CREATE TABLE [PointsOfInterest] (
    [Id] int NOT NULL IDENTITY,
    [Name] nvarchar(50) NOT NULL,
    [CityId] int NOT NULL,
    CONSTRAINT [PK_PointsOfInterest] PRIMARY KEY ([Id]),
    CONSTRAINT [FK_PointsOfInterest_Cities_CityId] FOREIGN KEY ([CityId]) REFERENCES [Cities] ([Id]) ON DELETE CASCADE
);
2022-08-05 19:17:16.1541|INFO|Microsoft.EntityFrameworkCore.Database.Command|Executed DbCommand (2ms) [Parameters=[], CommandType='Text', CommandTimeout='30']
CREATE INDEX [IX_PointsOfInterest_CityId] ON [PointsOfInterest] ([CityId]);
2022-08-05 19:17:16.1541|INFO|Microsoft.EntityFrameworkCore.Database.Command|Executed DbCommand (4ms) [Parameters=[], CommandType='Text', CommandTimeout='30']
INSERT INTO [__EFMigrationsHistory] ([MigrationId], [ProductVersion])
VALUES (N'20220805132447_CityInfoDBInitialMigration', N'2.1.14-servicing-32113');
2022-08-05 19:17:16.1706|INFO|Microsoft.EntityFrameworkCore.Migrations|Applying migration '20220805134318_CityInfoDBAddPoIDescription'.
2022-08-05 19:17:16.1706|INFO|Microsoft.EntityFrameworkCore.Database.Command|Executed DbCommand (3ms) [Parameters=[], CommandType='Text', CommandTimeout='30']
ALTER TABLE [PointsOfInterest] ADD [Description] nvarchar(200) NULL;
2022-08-05 19:17:16.1850|INFO|Microsoft.EntityFrameworkCore.Database.Command|Executed DbCommand (1ms) [Parameters=[], CommandType='Text', CommandTimeout='30']
INSERT INTO [__EFMigrationsHistory] ([MigrationId], [ProductVersion])
VALUES (N'20220805134318_CityInfoDBAddPoIDescription', N'2.1.14-servicing-32113');
2022-08-05 19:17:16.1850|INFO|Microsoft.EntityFrameworkCore.Migrations|Applying migration '20220805141613_SampleData'.
2022-08-05 19:17:16.2321|INFO|Microsoft.EntityFrameworkCore.Database.Command|Executed DbCommand (27ms) [Parameters=[], CommandType='Text', CommandTimeout='30']
IF EXISTS (SELECT * FROM [sys].[identity_columns] WHERE [name] IN (N'Id', N'Description', N'Name') AND [object_id] = OBJECT_ID(N'[Cities]'))
    SET IDENTITY_INSERT [Cities] ON;
INSERT INTO [Cities] ([Id], [Description], [Name])
VALUES (1, N'The one with that big park.', N'New York City');
IF EXISTS (SELECT * FROM [sys].[identity_columns] WHERE [name] IN (N'Id', N'Description', N'Name') AND [object_id] = OBJECT_ID(N'[Cities]'))
    SET IDENTITY_INSERT [Cities] OFF;
2022-08-05 19:17:16.2498|INFO|Microsoft.EntityFrameworkCore.Database.Command|Executed DbCommand (15ms) [Parameters=[], CommandType='Text', CommandTimeout='30']
IF EXISTS (SELECT * FROM [sys].[identity_columns] WHERE [name] IN (N'Id', N'Description', N'Name') AND [object_id] = OBJECT_ID(N'[Cities]'))
    SET IDENTITY_INSERT [Cities] ON;
INSERT INTO [Cities] ([Id], [Description], [Name])
VALUES (2, N'The one with the cathedral that was never really finished.', N'Antwerp');
IF EXISTS (SELECT * FROM [sys].[identity_columns] WHERE [name] IN (N'Id', N'Description', N'Name') AND [object_id] = OBJECT_ID(N'[Cities]'))
    SET IDENTITY_INSERT [Cities] OFF;
2022-08-05 19:17:16.2680|INFO|Microsoft.EntityFrameworkCore.Database.Command|Executed DbCommand (15ms) [Parameters=[], CommandType='Text', CommandTimeout='30']
IF EXISTS (SELECT * FROM [sys].[identity_columns] WHERE [name] IN (N'Id', N'Description', N'Name') AND [object_id] = OBJECT_ID(N'[Cities]'))
    SET IDENTITY_INSERT [Cities] ON;
INSERT INTO [Cities] ([Id], [Description], [Name])
VALUES (3, N'The one with that big tower.', N'Paris');
IF EXISTS (SELECT * FROM [sys].[identity_columns] WHERE [name] IN (N'Id', N'Description', N'Name') AND [object_id] = OBJECT_ID(N'[Cities]'))
    SET IDENTITY_INSERT [Cities] OFF;
2022-08-05 19:17:16.2985|INFO|Microsoft.EntityFrameworkCore.Database.Command|Executed DbCommand (25ms) [Parameters=[], CommandType='Text', CommandTimeout='30']
IF EXISTS (SELECT * FROM [sys].[identity_columns] WHERE [name] IN (N'Id', N'CityId', N'Description', N'Name') AND [object_id] = OBJECT_ID(N'[PointsOfInterest]'))
    SET IDENTITY_INSERT [PointsOfInterest] ON;
INSERT INTO [PointsOfInterest] ([Id], [CityId], [Description], [Name])
VALUES (1, 1, N'The most visited urban park in the United States.', N'Central Park'),
(2, 1, N'A 102-story skyscraper located in Midtown Manhattan.', N'Empire State Building'),
(3, 2, N'A Gothic style cathedral, conceived by architects Jan and Pieter Appelmans.', N'Cathedral'),
(4, 2, N'The the finest example of railway architecture in Belgium.', N'Antwerp Central Station'),
(5, 3, N'A wrought iron lattice tower on the Champ de Mars, named after engineer Gustave Eiffel.', N'Eiffel Tower'),
(6, 3, N'The world''s largest museum.', N'The Louvre');
IF EXISTS (SELECT * FROM [sys].[identity_columns] WHERE [name] IN (N'Id', N'CityId', N'Description', N'Name') AND [object_id] = OBJECT_ID(N'[PointsOfInterest]'))
    SET IDENTITY_INSERT [PointsOfInterest] OFF;
2022-08-05 19:17:16.2985|INFO|Microsoft.EntityFrameworkCore.Database.Command|Executed DbCommand (1ms) [Parameters=[], CommandType='Text', CommandTimeout='30']
INSERT INTO [__EFMigrationsHistory] ([MigrationId], [ProductVersion])
VALUES (N'20220805141613_SampleData', N'2.1.14-servicing-32113');
2022-08-05 19:17:16.3972|INFO|Microsoft.AspNetCore.DataProtection.KeyManagement.XmlKeyManager|User profile is available. Using 'C:\Users\ADEEL\AppData\Local\ASP.NET\DataProtection-Keys' as key repository and Windows DPAPI to encrypt keys at rest.
2022-08-05 19:17:16.9992|INFO|Microsoft.AspNetCore.Hosting.Internal.WebHost|Request starting HTTP/1.1 GET http://localhost:1028/  
2022-08-05 19:17:16.9992|INFO|Microsoft.AspNetCore.Hosting.Internal.WebHost|Request starting HTTP/1.1 DEBUG http://localhost:1028/  0
2022-08-05 19:17:17.0650|INFO|Microsoft.AspNetCore.Hosting.Internal.WebHost|Request finished in 70.9529ms 200 
2022-08-05 19:17:17.1918|INFO|Microsoft.AspNetCore.Hosting.Internal.WebHost|Request finished in 203.65ms 404 text/plain
2022-08-05 19:17:17.3159|INFO|Microsoft.AspNetCore.Hosting.Internal.WebHost|Request starting HTTP/1.1 GET http://localhost:1028/favicon.ico  
2022-08-05 19:17:17.3159|INFO|Microsoft.AspNetCore.Hosting.Internal.WebHost|Request finished in 10.3906ms 404 text/plain
